Using pre-set license

 COMMAND LINE ARGUMENTS:
/Applications/Unity/Unity.app/Contents/MacOS/Unity
-adb2
-batchMode
-noUpm
-name
AssetImportWorker0
-projectPath
/Users/sks/Desktop/MyGames/BallGame
-logFile
Logs/AssetImportWorker0.log
-srvPort
49254
Successfully changed project path to: /Users/sks/Desktop/MyGames/BallGame
/Users/sks/Desktop/MyGames/BallGame
Using Asset Import Pipeline V2.
Refreshing native plugins compatible for Editor in 21.83 ms, found 1 plugins.
Preloading 0 native plugins for Editor in 0.00 ms.
Initialize engine version: 2020.2.7f1 (c53830e277f1)
[Subsystems] Discovering subsystems at path /Applications/Unity/Unity.app/Contents/Resources/UnitySubsystems
[Subsystems] Discovering subsystems at path /Users/sks/Desktop/MyGames/BallGame/Assets
GfxDevice: creating device client; threaded=0
2021-04-26 11:31:07.795 Unity[947:42403] (null) preferred device: Apple M1 (high power)
2021-04-26 11:31:07.795 Unity[947:42403] Metal devices available: 1
2021-04-26 11:31:07.795 Unity[947:42403] 0: Apple M1 (high power)
2021-04-26 11:31:07.795 Unity[947:42403] Using device Apple M1 (high power)
Initializing Metal device caps: Apple M1
Initialize mono
Mono path[0] = '/Applications/Unity/Unity.app/Contents/Managed'
Mono path[1] = '/Applications/Unity/Unity.app/Contents/MonoBleedingEdge/lib/mono/unityjit'
Mono config path = '/Applications/Unity/Unity.app/Contents/MonoBleedingEdge/etc'
Using monoOptions --debugger-agent=transport=dt_socket,embedding=1,server=y,suspend=n,address=127.0.0.1:56947
Begin MonoManager ReloadAssembly
Registering precompiled unity dll's ...
Register platform support module: /Applications/Unity/Unity.app/Contents/PlaybackEngines/MacStandaloneSupport/UnityEditor.OSXStandalone.Extensions.dll
Registered in 0.002404 seconds.
Native extension for OSXStandalone target not found
Refreshing native plugins compatible for Editor in 22.72 ms, found 1 plugins.
Preloading 0 native plugins for Editor in 0.00 ms.
Invoked RoslynAnalysisRunner static constructor.
RoslynAnalysisRunner will not be running.
RoslynAnalysisRunner has terminated.
Mono: successfully reloaded assembly
- Completed reload, in  2.224 seconds
Platform modules already initialized, skipping
Registering precompiled user dll's ...
Registered in 0.000620 seconds.
Begin MonoManager ReloadAssembly
Native extension for OSXStandalone target not found
Refreshing native plugins compatible for Editor in 0.19 ms, found 1 plugins.
Preloading 0 native plugins for Editor in 0.00 ms.
Invoked RoslynAnalysisRunner static constructor.
RoslynAnalysisRunner will not be running.
RoslynAnalysisRunner has terminated.
Mono: successfully reloaded assembly
- Completed reload, in  1.711 seconds
Platform modules already initialized, skipping
========================================================================
Worker process is ready to serve import requests
Launching external process: /Applications/Unity/Unity.app/Contents/Tools/UnityShaderCompiler
Launched and connected shader compiler UnityShaderCompiler after 0.03 seconds
Refreshing native plugins compatible for Editor in 0.18 ms, found 1 plugins.
Preloading 0 native plugins for Editor in 0.00 ms.
Unloading 1117 Unused Serialized files (Serialized files now loaded: 0)
System memory in use before: 107.8 MB.
System memory in use after: 107.9 MB.

Unloading 9 unused Assets to reduce memory usage. Loaded Objects now: 1560.
Total: 1.886375 ms (FindLiveObjects: 0.168042 ms CreateObjectMapping: 0.024458 ms MarkObjects: 1.538875 ms  DeleteObjects: 0.152708 ms)

========================================================================
Received Import Request.
  path: Assets/scripts/GameManager.cs
  artifactKey: Guid(717277dd0e34c4e70bc690c3096fd7df) Importer(815301076,1909f56bfc062723c751e8b465ee728b)
Start importing Assets/scripts/GameManager.cs using Guid(717277dd0e34c4e70bc690c3096fd7df) Importer(815301076,1909f56bfc062723c751e8b465ee728b)  -> (artifact id: 'f264153536ebde1967cff292a9f8f5a5') in 0.288985 seconds
  Import took 0.290712 seconds .

========================================================================
Received Prepare
Registering precompiled user dll's ...
Registered in 0.000283 seconds.
Begin MonoManager ReloadAssembly
Native extension for OSXStandalone target not found
Refreshing native plugins compatible for Editor in 0.19 ms, found 1 plugins.
Preloading 0 native plugins for Editor in 0.00 ms.
Invoked RoslynAnalysisRunner static constructor.
RoslynAnalysisRunner will not be running.
RoslynAnalysisRunner has terminated.
Mono: successfully reloaded assembly
- Completed reload, in  1.721 seconds
Platform modules already initialized, skipping
Refreshing native plugins compatible for Editor in 0.14 ms, found 1 plugins.
Preloading 0 native plugins for Editor in 0.00 ms.
Unloading 1111 Unused Serialized files (Serialized files now loaded: 0)
System memory in use before: 112.2 MB.
System memory in use after: 112.3 MB.

Unloading 4 unused Assets to reduce memory usage. Loaded Objects now: 1563.
Total: 1.264916 ms (FindLiveObjects: 0.223458 ms CreateObjectMapping: 0.023291 ms MarkObjects: 0.998042 ms  DeleteObjects: 0.018834 ms)

========================================================================
Received Import Request.
  Time since last request: 164.615561 seconds.
  path: Assets/prefabs/ball.prefab
  artifactKey: Guid(90331c9a3ad6844938a718fb7f005a4c) Importer(815301076,1909f56bfc062723c751e8b465ee728b)
Start importing Assets/prefabs/ball.prefab using Guid(90331c9a3ad6844938a718fb7f005a4c) Importer(815301076,1909f56bfc062723c751e8b465ee728b)  -> (artifact id: 'ae92938a3b238aab56d5e821d97dc4bf') in 0.714413 seconds
  Import took 0.716318 seconds .

========================================================================
Received Import Request.
  Time since last request: 3.651306 seconds.
  path: Assets/prefabs/paddle.prefab
  artifactKey: Guid(1604deca6027e40a9bdb43ef72305ee3) Importer(815301076,1909f56bfc062723c751e8b465ee728b)
Start importing Assets/prefabs/paddle.prefab using Guid(1604deca6027e40a9bdb43ef72305ee3) Importer(815301076,1909f56bfc062723c751e8b465ee728b)  -> (artifact id: 'a0424437e133299b3fb838d22e159e8c') in 0.013017 seconds
  Import took 0.014672 seconds .

========================================================================
Received Import Request.
  Time since last request: 0.005379 seconds.
  path: Assets/prefabs/paddle.prefab
  artifactKey: Guid(1604deca6027e40a9bdb43ef72305ee3) Importer(815301076,1909f56bfc062723c751e8b465ee728b)
Start importing Assets/prefabs/paddle.prefab using Guid(1604deca6027e40a9bdb43ef72305ee3) Importer(815301076,1909f56bfc062723c751e8b465ee728b)  -> (artifact id: 'a0424437e133299b3fb838d22e159e8c') in 0.005313 seconds
  Import took 0.007321 seconds .

========================================================================
Received Prepare
Registering precompiled user dll's ...
Registered in 0.000309 seconds.
Begin MonoManager ReloadAssembly
Native extension for OSXStandalone target not found
Refreshing native plugins compatible for Editor in 0.19 ms, found 1 plugins.
Preloading 0 native plugins for Editor in 0.00 ms.
Invoked RoslynAnalysisRunner static constructor.
RoslynAnalysisRunner will not be running.
RoslynAnalysisRunner has terminated.
Mono: successfully reloaded assembly
- Completed reload, in  1.596 seconds
Platform modules already initialized, skipping
Refreshing native plugins compatible for Editor in 0.17 ms, found 1 plugins.
Preloading 0 native plugins for Editor in 0.00 ms.
Unloading 1111 Unused Serialized files (Serialized files now loaded: 0)
System memory in use before: 120.2 MB.
System memory in use after: 120.3 MB.

Unloading 5 unused Assets to reduce memory usage. Loaded Objects now: 1575.
Total: 1.104125 ms (FindLiveObjects: 0.115291 ms CreateObjectMapping: 0.023583 ms MarkObjects: 0.938875 ms  DeleteObjects: 0.025416 ms)

========================================================================
Received Import Request.
  Time since last request: 1656.911809 seconds.
  path: Assets/scripts/GameManager.cs
  artifactKey: Guid(717277dd0e34c4e70bc690c3096fd7df) Importer(815301076,1909f56bfc062723c751e8b465ee728b)
Start importing Assets/scripts/GameManager.cs using Guid(717277dd0e34c4e70bc690c3096fd7df) Importer(815301076,1909f56bfc062723c751e8b465ee728b)  -> (artifact id: 'b0d9526ede214bfaee82c6fc79b72b22') in 0.005984 seconds
  Import took 0.007744 seconds .

========================================================================
Received Import Request.
  Time since last request: 0.010493 seconds.
  path: Assets/scripts/GameManager.cs
  artifactKey: Guid(717277dd0e34c4e70bc690c3096fd7df) Importer(815301076,1909f56bfc062723c751e8b465ee728b)
Start importing Assets/scripts/GameManager.cs using Guid(717277dd0e34c4e70bc690c3096fd7df) Importer(815301076,1909f56bfc062723c751e8b465ee728b)  -> (artifact id: 'b0d9526ede214bfaee82c6fc79b72b22') in 0.000926 seconds
  Import took 0.002614 seconds .

========================================================================
Received Prepare
Registering precompiled user dll's ...
Registered in 0.000335 seconds.
Begin MonoManager ReloadAssembly
Native extension for OSXStandalone target not found
Refreshing native plugins compatible for Editor in 0.19 ms, found 1 plugins.
Preloading 0 native plugins for Editor in 0.00 ms.
Invoked RoslynAnalysisRunner static constructor.
RoslynAnalysisRunner will not be running.
RoslynAnalysisRunner has terminated.
Mono: successfully reloaded assembly
- Completed reload, in  1.782 seconds
Platform modules already initialized, skipping
Refreshing native plugins compatible for Editor in 0.16 ms, found 1 plugins.
Preloading 0 native plugins for Editor in 0.00 ms.
Unloading 1111 Unused Serialized files (Serialized files now loaded: 0)
System memory in use before: 120.4 MB.
System memory in use after: 120.5 MB.

Unloading 4 unused Assets to reduce memory usage. Loaded Objects now: 1578.
Total: 1.172584 ms (FindLiveObjects: 0.168000 ms CreateObjectMapping: 0.024209 ms MarkObjects: 0.961292 ms  DeleteObjects: 0.018500 ms)

========================================================================
Received Prepare
Registering precompiled user dll's ...
Registered in 0.000217 seconds.
Begin MonoManager ReloadAssembly
Native extension for OSXStandalone target not found
Refreshing native plugins compatible for Editor in 0.17 ms, found 1 plugins.
Preloading 0 native plugins for Editor in 0.00 ms.
Invoked RoslynAnalysisRunner static constructor.
RoslynAnalysisRunner will not be running.
RoslynAnalysisRunner has terminated.
Mono: successfully reloaded assembly
- Completed reload, in  1.532 seconds
Platform modules already initialized, skipping
Refreshing native plugins compatible for Editor in 0.17 ms, found 1 plugins.
Preloading 0 native plugins for Editor in 0.00 ms.
Unloading 1111 Unused Serialized files (Serialized files now loaded: 0)
System memory in use before: 120.6 MB.
System memory in use after: 120.7 MB.

Unloading 4 unused Assets to reduce memory usage. Loaded Objects now: 1581.
Total: 1.099875 ms (FindLiveObjects: 0.087750 ms CreateObjectMapping: 0.023625 ms MarkObjects: 0.974916 ms  DeleteObjects: 0.013000 ms)

========================================================================
Received Prepare
Registering precompiled user dll's ...
Registered in 0.003332 seconds.
Begin MonoManager ReloadAssembly
Native extension for OSXStandalone target not found
Refreshing native plugins compatible for Editor in 0.17 ms, found 1 plugins.
Preloading 0 native plugins for Editor in 0.00 ms.
Invoked RoslynAnalysisRunner static constructor.
RoslynAnalysisRunner will not be running.
RoslynAnalysisRunner has terminated.
Mono: successfully reloaded assembly
- Completed reload, in  1.550 seconds
Platform modules already initialized, skipping
Refreshing native plugins compatible for Editor in 0.14 ms, found 1 plugins.
Preloading 0 native plugins for Editor in 0.00 ms.
Unloading 1111 Unused Serialized files (Serialized files now loaded: 0)
System memory in use before: 120.8 MB.
System memory in use after: 120.9 MB.

Unloading 4 unused Assets to reduce memory usage. Loaded Objects now: 1584.
Total: 1.157958 ms (FindLiveObjects: 0.130500 ms CreateObjectMapping: 0.025125 ms MarkObjects: 0.983792 ms  DeleteObjects: 0.017750 ms)

========================================================================
Received Import Request.
  Time since last request: 7720.500166 seconds.
  path: Assets/prefabs/Levels.prefab
  artifactKey: Guid(4ccad8a7d959d4554b6bc53c13613978) Importer(815301076,1909f56bfc062723c751e8b465ee728b)
Start importing Assets/prefabs/Levels.prefab using Guid(4ccad8a7d959d4554b6bc53c13613978) Importer(815301076,1909f56bfc062723c751e8b465ee728b)  -> (artifact id: 'e83195a4a8578bc31eff399fbdd12780') in 0.187051 seconds
  Import took 0.189667 seconds .

========================================================================
Received Import Request.
  Time since last request: 13.468961 seconds.
  path: Assets/prefabs/Brick 1.prefab
  artifactKey: Guid(b2c4d02183d224dbca06787d0f1bc45a) Importer(815301076,1909f56bfc062723c751e8b465ee728b)
Start importing Assets/prefabs/Brick 1.prefab using Guid(b2c4d02183d224dbca06787d0f1bc45a) Importer(815301076,1909f56bfc062723c751e8b465ee728b)  -> (artifact id: 'bdc59172f3e09588440ff297bb235254') in 0.012849 seconds
  Import took 0.014542 seconds .

========================================================================
Received Import Request.
  Time since last request: 0.001542 seconds.
  path: Assets/prefabs/Brick 1.prefab
  artifactKey: Guid(b2c4d02183d224dbca06787d0f1bc45a) Importer(815301076,1909f56bfc062723c751e8b465ee728b)
Start importing Assets/prefabs/Brick 1.prefab using Guid(b2c4d02183d224dbca06787d0f1bc45a) Importer(815301076,1909f56bfc062723c751e8b465ee728b)  -> (artifact id: 'bdc59172f3e09588440ff297bb235254') in 0.005612 seconds
  Import took 0.007022 seconds .

========================================================================
Received Import Request.
  Time since last request: 9.681853 seconds.
  path: Assets/prefabs/Brick 2.prefab
  artifactKey: Guid(b2c4d02183d224dbca06787d0f1bc45a) Importer(815301076,1909f56bfc062723c751e8b465ee728b)
Start importing Assets/prefabs/Brick 2.prefab using Guid(b2c4d02183d224dbca06787d0f1bc45a) Importer(815301076,1909f56bfc062723c751e8b465ee728b)  -> (artifact id: '23d48779138022c99dcfd69547d571af') in 0.006152 seconds
  Import took 0.007963 seconds .

========================================================================
Received Import Request.
  Time since last request: 0.001237 seconds.
  path: Assets/prefabs/Brick 2.prefab
  artifactKey: Guid(b2c4d02183d224dbca06787d0f1bc45a) Importer(815301076,1909f56bfc062723c751e8b465ee728b)
Start importing Assets/prefabs/Brick 2.prefab using Guid(b2c4d02183d224dbca06787d0f1bc45a) Importer(815301076,1909f56bfc062723c751e8b465ee728b)  -> (artifact id: '23d48779138022c99dcfd69547d571af') in 0.005301 seconds
  Import took 0.006726 seconds .

========================================================================
Received Import Request.
  Time since last request: 17.023046 seconds.
  path: Assets/materials/brickEmission.mat
  artifactKey: Guid(7e62341419ca14315ac5d69fc0e27603) Importer(815301076,1909f56bfc062723c751e8b465ee728b)
Start importing Assets/materials/brickEmission.mat using Guid(7e62341419ca14315ac5d69fc0e27603) Importer(815301076,1909f56bfc062723c751e8b465ee728b)  -> (artifact id: 'f82fdecab76ba7cbc1c9823714cb2c01') in 0.339552 seconds
  Import took 0.342091 seconds .

========================================================================
Received Import Request.
  Time since last request: 0.000192 seconds.
  path: Assets/materials/New Material.mat
  artifactKey: Guid(07bf0fb9650d04bf9bda4bcf790941c6) Importer(815301076,1909f56bfc062723c751e8b465ee728b)
Start importing Assets/materials/New Material.mat using Guid(07bf0fb9650d04bf9bda4bcf790941c6) Importer(815301076,1909f56bfc062723c751e8b465ee728b)  -> (artifact id: '72380842b9bd91ed0f04afceb0228fdc') in 0.009664 seconds
  Import took 0.010967 seconds .

========================================================================
Received Import Request.
  Time since last request: 14.912768 seconds.
  path: Assets/materials/New Material 1.mat
  artifactKey: Guid(befc21cf015dc4371b4f4c31d58a2347) Importer(815301076,1909f56bfc062723c751e8b465ee728b)
Start importing Assets/materials/New Material 1.mat using Guid(befc21cf015dc4371b4f4c31d58a2347) Importer(815301076,1909f56bfc062723c751e8b465ee728b)  -> (artifact id: '52225a2b3ca832a6d25ab3b4067740e8') in 0.007989 seconds
  Import took 0.009599 seconds .

========================================================================
Received Import Request.
  Time since last request: 426.423061 seconds.
  path: Assets/prefabs/Level1.prefab
  artifactKey: Guid(4ccad8a7d959d4554b6bc53c13613978) Importer(815301076,1909f56bfc062723c751e8b465ee728b)
Start importing Assets/prefabs/Level1.prefab using Guid(4ccad8a7d959d4554b6bc53c13613978) Importer(815301076,1909f56bfc062723c751e8b465ee728b)  -> (artifact id: 'a06153f384089426863c2bbb1215e771') in 0.020775 seconds
  Import took 0.023470 seconds .

========================================================================
Received Import Request.
  Time since last request: 60.607590 seconds.
  path: Assets/prefabs/Brick.prefab
  artifactKey: Guid(ae077ad08d72a4840ac23359e8fa517d) Importer(815301076,1909f56bfc062723c751e8b465ee728b)
Start importing Assets/prefabs/Brick.prefab using Guid(ae077ad08d72a4840ac23359e8fa517d) Importer(815301076,1909f56bfc062723c751e8b465ee728b)  -> (artifact id: '7c6e5991215ab116d4de30771ae75086') in 0.007603 seconds
  Import took 0.009308 seconds .

========================================================================
Received Import Request.
  Time since last request: 0.000220 seconds.
  path: Assets/prefabs/Level1.prefab
  artifactKey: Guid(4ccad8a7d959d4554b6bc53c13613978) Importer(815301076,1909f56bfc062723c751e8b465ee728b)
Start importing Assets/prefabs/Level1.prefab using Guid(4ccad8a7d959d4554b6bc53c13613978) Importer(815301076,1909f56bfc062723c751e8b465ee728b)  -> (artifact id: 'b5184f03fac36b0e80829201f26ffcb5') in 0.016962 seconds
  Import took 0.019362 seconds .

========================================================================
Received Import Request.
  Time since last request: 10.019838 seconds.
  path: Assets/prefabs/Brick.prefab
  artifactKey: Guid(ae077ad08d72a4840ac23359e8fa517d) Importer(815301076,1909f56bfc062723c751e8b465ee728b)
Start importing Assets/prefabs/Brick.prefab using Guid(ae077ad08d72a4840ac23359e8fa517d) Importer(815301076,1909f56bfc062723c751e8b465ee728b)  -> (artifact id: '334be4093b9d61465ab7b455e99178a1') in 0.006828 seconds
  Import took 0.008552 seconds .

========================================================================
Received Import Request.
  Time since last request: 0.000235 seconds.
  path: Assets/prefabs/Level1.prefab
  artifactKey: Guid(4ccad8a7d959d4554b6bc53c13613978) Importer(815301076,1909f56bfc062723c751e8b465ee728b)
Start importing Assets/prefabs/Level1.prefab using Guid(4ccad8a7d959d4554b6bc53c13613978) Importer(815301076,1909f56bfc062723c751e8b465ee728b)  -> (artifact id: '80d30975bb7a876addc69070f6b617b0') in 0.015598 seconds
  Import took 0.018358 seconds .

========================================================================
Received Import Request.
  Time since last request: 13.876880 seconds.
  path: Assets/prefabs/Brick 2.prefab
  artifactKey: Guid(b2c4d02183d224dbca06787d0f1bc45a) Importer(815301076,1909f56bfc062723c751e8b465ee728b)
Start importing Assets/prefabs/Brick 2.prefab using Guid(b2c4d02183d224dbca06787d0f1bc45a) Importer(815301076,1909f56bfc062723c751e8b465ee728b)  -> (artifact id: '2d0fbbdc061f84b5a2db5c77045b4676') in 0.007029 seconds
  Import took 0.008699 seconds .

========================================================================
Received Import Request.
  Time since last request: 0.001148 seconds.
  path: Assets/prefabs/Brick 2.prefab
  artifactKey: Guid(b2c4d02183d224dbca06787d0f1bc45a) Importer(815301076,1909f56bfc062723c751e8b465ee728b)
Start importing Assets/prefabs/Brick 2.prefab using Guid(b2c4d02183d224dbca06787d0f1bc45a) Importer(815301076,1909f56bfc062723c751e8b465ee728b)  -> (artifact id: '2d0fbbdc061f84b5a2db5c77045b4676') in 0.006575 seconds
  Import took 0.007966 seconds .

========================================================================
Received Import Request.
  Time since last request: 9.120684 seconds.
  path: Assets/prefabs/Brick.prefab
  artifactKey: Guid(ae077ad08d72a4840ac23359e8fa517d) Importer(815301076,1909f56bfc062723c751e8b465ee728b)
Start importing Assets/prefabs/Brick.prefab using Guid(ae077ad08d72a4840ac23359e8fa517d) Importer(815301076,1909f56bfc062723c751e8b465ee728b)  -> (artifact id: '7bd18e5176fc8970aee1be7e9aab12f8') in 0.006771 seconds
  Import took 0.008465 seconds .

========================================================================
Received Import Request.
  Time since last request: 0.000280 seconds.
  path: Assets/prefabs/Level1.prefab
  artifactKey: Guid(4ccad8a7d959d4554b6bc53c13613978) Importer(815301076,1909f56bfc062723c751e8b465ee728b)
Start importing Assets/prefabs/Level1.prefab using Guid(4ccad8a7d959d4554b6bc53c13613978) Importer(815301076,1909f56bfc062723c751e8b465ee728b)  -> (artifact id: '3bb3b9cc52d8a2343b35cba479ff4b15') in 0.016042 seconds
  Import took 0.018342 seconds .

========================================================================
Received Import Request.
  Time since last request: 0.000294 seconds.
  path: Assets/prefabs/Brick.prefab
  artifactKey: Guid(ae077ad08d72a4840ac23359e8fa517d) Importer(815301076,1909f56bfc062723c751e8b465ee728b)
Start importing Assets/prefabs/Brick.prefab using Guid(ae077ad08d72a4840ac23359e8fa517d) Importer(815301076,1909f56bfc062723c751e8b465ee728b)  -> (artifact id: '7bd18e5176fc8970aee1be7e9aab12f8') in 0.007212 seconds
  Import took 0.009056 seconds .

========================================================================
Received Import Request.
  Time since last request: 38.396123 seconds.
  path: Assets/prefabs/Level1 1.prefab
  artifactKey: Guid(ceac6ce0859b04372a91c3d57f53ff19) Importer(815301076,1909f56bfc062723c751e8b465ee728b)
Start importing Assets/prefabs/Level1 1.prefab using Guid(ceac6ce0859b04372a91c3d57f53ff19) Importer(815301076,1909f56bfc062723c751e8b465ee728b)  -> (artifact id: 'ce3d9d5f1cb284ed1d1193e2f020c8de') in 0.017563 seconds
  Import took 0.020243 seconds .

========================================================================
Received Import Request.
  Time since last request: 4.860627 seconds.
  path: Assets/prefabs/Level1 2.prefab
  artifactKey: Guid(ceac6ce0859b04372a91c3d57f53ff19) Importer(815301076,1909f56bfc062723c751e8b465ee728b)
Start importing Assets/prefabs/Level1 2.prefab using Guid(ceac6ce0859b04372a91c3d57f53ff19) Importer(815301076,1909f56bfc062723c751e8b465ee728b)  -> (artifact id: 'c6b1ec2e5c5228dce4457bbebc6f2d24') in 0.016418 seconds
  Import took 0.019421 seconds .

========================================================================
Received Import Request.
  Time since last request: 6.370835 seconds.
  path: Assets/prefabs/Level 2.prefab
  artifactKey: Guid(ceac6ce0859b04372a91c3d57f53ff19) Importer(815301076,1909f56bfc062723c751e8b465ee728b)
Start importing Assets/prefabs/Level 2.prefab using Guid(ceac6ce0859b04372a91c3d57f53ff19) Importer(815301076,1909f56bfc062723c751e8b465ee728b)  -> (artifact id: 'a7aa1a83fa0beef427504e811e0f2a5c') in 0.016904 seconds
  Import took 0.019444 seconds .

========================================================================
Received Import Request.
  Time since last request: 21.040895 seconds.
  path: Assets/prefabs/Level 1.prefab
  artifactKey: Guid(4ccad8a7d959d4554b6bc53c13613978) Importer(815301076,1909f56bfc062723c751e8b465ee728b)
Start importing Assets/prefabs/Level 1.prefab using Guid(4ccad8a7d959d4554b6bc53c13613978) Importer(815301076,1909f56bfc062723c751e8b465ee728b)  -> (artifact id: '104b3f293cca80fc7a85daf30b1666e1') in 0.016825 seconds
  Import took 0.019956 seconds .

========================================================================
Received Prepare
Registering precompiled user dll's ...
Registered in 0.000285 seconds.
Begin MonoManager ReloadAssembly
Native extension for OSXStandalone target not found
Refreshing native plugins compatible for Editor in 0.19 ms, found 1 plugins.
Preloading 0 native plugins for Editor in 0.00 ms.
Invoked RoslynAnalysisRunner static constructor.
RoslynAnalysisRunner will not be running.
RoslynAnalysisRunner has terminated.
Mono: successfully reloaded assembly
- Completed reload, in  1.697 seconds
Platform modules already initialized, skipping
Refreshing native plugins compatible for Editor in 0.17 ms, found 1 plugins.
Preloading 0 native plugins for Editor in 0.00 ms.
Unloading 1111 Unused Serialized files (Serialized files now loaded: 0)
System memory in use before: 126.4 MB.
System memory in use after: 126.5 MB.

Unloading 4 unused Assets to reduce memory usage. Loaded Objects now: 1621.
Total: 1.113667 ms (FindLiveObjects: 0.111209 ms CreateObjectMapping: 0.024458 ms MarkObjects: 0.965083 ms  DeleteObjects: 0.012000 ms)

========================================================================
Received Prepare
Registering precompiled user dll's ...
Registered in 0.000204 seconds.
Begin MonoManager ReloadAssembly
Native extension for OSXStandalone target not found
Refreshing native plugins compatible for Editor in 0.19 ms, found 1 plugins.
Preloading 0 native plugins for Editor in 0.00 ms.
Invoked RoslynAnalysisRunner static constructor.
RoslynAnalysisRunner will not be running.
RoslynAnalysisRunner has terminated.
Mono: successfully reloaded assembly
- Completed reload, in  1.563 seconds
Platform modules already initialized, skipping
Refreshing native plugins compatible for Editor in 0.17 ms, found 1 plugins.
Preloading 0 native plugins for Editor in 0.00 ms.
Unloading 1111 Unused Serialized files (Serialized files now loaded: 0)
System memory in use before: 126.6 MB.
System memory in use after: 126.7 MB.

Unloading 4 unused Assets to reduce memory usage. Loaded Objects now: 1624.
Total: 1.047042 ms (FindLiveObjects: 0.097917 ms CreateObjectMapping: 0.023833 ms MarkObjects: 0.912416 ms  DeleteObjects: 0.012041 ms)

========================================================================
Received Prepare
Registering precompiled user dll's ...
Registered in 0.000218 seconds.
Begin MonoManager ReloadAssembly
Native extension for OSXStandalone target not found
Refreshing native plugins compatible for Editor in 0.17 ms, found 1 plugins.
Preloading 0 native plugins for Editor in 0.00 ms.
Invoked RoslynAnalysisRunner static constructor.
RoslynAnalysisRunner will not be running.
RoslynAnalysisRunner has terminated.
Mono: successfully reloaded assembly
- Completed reload, in  1.547 seconds
Platform modules already initialized, skipping
Refreshing native plugins compatible for Editor in 0.15 ms, found 1 plugins.
Preloading 0 native plugins for Editor in 0.00 ms.
Unloading 1111 Unused Serialized files (Serialized files now loaded: 0)
System memory in use before: 126.7 MB.
System memory in use after: 126.8 MB.

Unloading 4 unused Assets to reduce memory usage. Loaded Objects now: 1627.
Total: 1.078209 ms (FindLiveObjects: 0.108708 ms CreateObjectMapping: 0.023666 ms MarkObjects: 0.932000 ms  DeleteObjects: 0.012792 ms)

========================================================================
Received Prepare
Registering precompiled user dll's ...
Registered in 0.000705 seconds.
Begin MonoManager ReloadAssembly
Native extension for OSXStandalone target not found
Refreshing native plugins compatible for Editor in 0.18 ms, found 1 plugins.
Preloading 0 native plugins for Editor in 0.00 ms.
Invoked RoslynAnalysisRunner static constructor.
RoslynAnalysisRunner will not be running.
RoslynAnalysisRunner has terminated.
Mono: successfully reloaded assembly
- Completed reload, in  1.620 seconds
Platform modules already initialized, skipping
Refreshing native plugins compatible for Editor in 0.17 ms, found 1 plugins.
Preloading 0 native plugins for Editor in 0.00 ms.
Unloading 1111 Unused Serialized files (Serialized files now loaded: 0)
System memory in use before: 126.9 MB.
System memory in use after: 127.0 MB.

Unloading 4 unused Assets to reduce memory usage. Loaded Objects now: 1630.
Total: 1.129709 ms (FindLiveObjects: 0.138042 ms CreateObjectMapping: 0.023666 ms MarkObjects: 0.955042 ms  DeleteObjects: 0.012083 ms)

========================================================================
Received Prepare
Registering precompiled user dll's ...
Registered in 0.000224 seconds.
Begin MonoManager ReloadAssembly
Native extension for OSXStandalone target not found
Refreshing native plugins compatible for Editor in 0.18 ms, found 1 plugins.
Preloading 0 native plugins for Editor in 0.00 ms.
Invoked RoslynAnalysisRunner static constructor.
RoslynAnalysisRunner will not be running.
RoslynAnalysisRunner has terminated.
Mono: successfully reloaded assembly
- Completed reload, in  1.636 seconds
Platform modules already initialized, skipping
Refreshing native plugins compatible for Editor in 0.19 ms, found 1 plugins.
Preloading 0 native plugins for Editor in 0.00 ms.
Unloading 1111 Unused Serialized files (Serialized files now loaded: 0)
System memory in use before: 127.1 MB.
System memory in use after: 127.2 MB.

Unloading 4 unused Assets to reduce memory usage. Loaded Objects now: 1633.
Total: 1.093458 ms (FindLiveObjects: 0.110084 ms CreateObjectMapping: 0.024291 ms MarkObjects: 0.946250 ms  DeleteObjects: 0.011958 ms)

========================================================================
Received Prepare
Registering precompiled user dll's ...
Registered in 0.000334 seconds.
Begin MonoManager ReloadAssembly
Native extension for OSXStandalone target not found
Refreshing native plugins compatible for Editor in 0.17 ms, found 1 plugins.
Preloading 0 native plugins for Editor in 0.00 ms.
Invoked RoslynAnalysisRunner static constructor.
RoslynAnalysisRunner will not be running.
RoslynAnalysisRunner has terminated.
Mono: successfully reloaded assembly
- Completed reload, in  1.486 seconds
Platform modules already initialized, skipping
Refreshing native plugins compatible for Editor in 0.12 ms, found 1 plugins.
Preloading 0 native plugins for Editor in 0.00 ms.
Unloading 1111 Unused Serialized files (Serialized files now loaded: 0)
System memory in use before: 127.3 MB.
System memory in use after: 127.4 MB.

Unloading 4 unused Assets to reduce memory usage. Loaded Objects now: 1636.
Total: 1.116417 ms (FindLiveObjects: 0.086875 ms CreateObjectMapping: 0.024750 ms MarkObjects: 0.992041 ms  DeleteObjects: 0.012000 ms)

========================================================================
Received Prepare
Registering precompiled user dll's ...
Registered in 0.000289 seconds.
Begin MonoManager ReloadAssembly
Native extension for OSXStandalone target not found
Refreshing native plugins compatible for Editor in 0.17 ms, found 1 plugins.
Preloading 0 native plugins for Editor in 0.00 ms.
Invoked RoslynAnalysisRunner static constructor.
RoslynAnalysisRunner will not be running.
RoslynAnalysisRunner has terminated.
Mono: successfully reloaded assembly
- Completed reload, in  1.466 seconds
Platform modules already initialized, skipping
Refreshing native plugins compatible for Editor in 0.10 ms, found 1 plugins.
Preloading 0 native plugins for Editor in 0.00 ms.
Unloading 1111 Unused Serialized files (Serialized files now loaded: 0)
System memory in use before: 127.5 MB.
System memory in use after: 127.6 MB.

Unloading 4 unused Assets to reduce memory usage. Loaded Objects now: 1639.
Total: 2.102500 ms (FindLiveObjects: 0.087625 ms CreateObjectMapping: 0.024875 ms MarkObjects: 1.976334 ms  DeleteObjects: 0.012750 ms)

========================================================================
Received Import Request.
  Time since last request: 2497.442738 seconds.
  path: Assets/prefabs/GameOver.prefab
  artifactKey: Guid(4361916edbcfd4a4db2310d42e30f2f9) Importer(815301076,1909f56bfc062723c751e8b465ee728b)
Start importing Assets/prefabs/GameOver.prefab using Guid(4361916edbcfd4a4db2310d42e30f2f9) Importer(815301076,1909f56bfc062723c751e8b465ee728b)  -> (artifact id: '405ad7cc41d58bbe20ac2932d542f007') in 0.071366 seconds
  Import took 0.072855 seconds .

========================================================================
Received Import Request.
  Time since last request: 5.731027 seconds.
  path: Assets/prefabs/LevelCompleted.prefab
  artifactKey: Guid(1ba6819a14fbf4b808ec2b8724ecae44) Importer(815301076,1909f56bfc062723c751e8b465ee728b)
Start importing Assets/prefabs/LevelCompleted.prefab using Guid(1ba6819a14fbf4b808ec2b8724ecae44) Importer(815301076,1909f56bfc062723c751e8b465ee728b)  -> (artifact id: '4c278515b426a1469b0f8aadd18cc69d') in 0.005782 seconds
  Import took 0.007362 seconds .

========================================================================
Received Import Request.
  Time since last request: 0.014400 seconds.
  path: Assets/prefabs/LevelCompleted.prefab
  artifactKey: Guid(1ba6819a14fbf4b808ec2b8724ecae44) Importer(815301076,1909f56bfc062723c751e8b465ee728b)
Start importing Assets/prefabs/LevelCompleted.prefab using Guid(1ba6819a14fbf4b808ec2b8724ecae44) Importer(815301076,1909f56bfc062723c751e8b465ee728b)  -> (artifact id: '4c278515b426a1469b0f8aadd18cc69d') in 0.003676 seconds
  Import took 0.005235 seconds .

========================================================================
Received Import Request.
  Time since last request: 4.549011 seconds.
  path: Assets/prefabs/PanelPlay.prefab
  artifactKey: Guid(cc07d7184579940ff910ad0facc68a9e) Importer(815301076,1909f56bfc062723c751e8b465ee728b)
Start importing Assets/prefabs/PanelPlay.prefab using Guid(cc07d7184579940ff910ad0facc68a9e) Importer(815301076,1909f56bfc062723c751e8b465ee728b)  -> (artifact id: 'be30ac15bde02c82dbef3bb76c39d241') in 0.003989 seconds
  Import took 0.005581 seconds .

========================================================================
Received Import Request.
  Time since last request: 0.007630 seconds.
  path: Assets/prefabs/PanelPlay.prefab
  artifactKey: Guid(cc07d7184579940ff910ad0facc68a9e) Importer(815301076,1909f56bfc062723c751e8b465ee728b)
Start importing Assets/prefabs/PanelPlay.prefab using Guid(cc07d7184579940ff910ad0facc68a9e) Importer(815301076,1909f56bfc062723c751e8b465ee728b)  -> (artifact id: 'be30ac15bde02c82dbef3bb76c39d241') in 0.003446 seconds
  Import took 0.004987 seconds .

========================================================================
Received Import Request.
  Time since last request: 3.921882 seconds.
  path: Assets/prefabs/PanelMenu.prefab
  artifactKey: Guid(75c49bdb0a4764015a7a07a1a88d8989) Importer(815301076,1909f56bfc062723c751e8b465ee728b)
Start importing Assets/prefabs/PanelMenu.prefab using Guid(75c49bdb0a4764015a7a07a1a88d8989) Importer(815301076,1909f56bfc062723c751e8b465ee728b)  -> (artifact id: 'fe75a1754447791b608061388f5213b4') in 0.013098 seconds
  Import took 0.014664 seconds .

========================================================================
Received Import Request.
  Time since last request: 0.006713 seconds.
  path: Assets/prefabs/PanelMenu.prefab
  artifactKey: Guid(75c49bdb0a4764015a7a07a1a88d8989) Importer(815301076,1909f56bfc062723c751e8b465ee728b)
Start importing Assets/prefabs/PanelMenu.prefab using Guid(75c49bdb0a4764015a7a07a1a88d8989) Importer(815301076,1909f56bfc062723c751e8b465ee728b)  -> (artifact id: 'fe75a1754447791b608061388f5213b4') in 0.003952 seconds
  Import took 0.005586 seconds .

========================================================================
Received Prepare
Registering precompiled user dll's ...
Registered in 0.000227 seconds.
Begin MonoManager ReloadAssembly
Native extension for OSXStandalone target not found
Refreshing native plugins compatible for Editor in 0.17 ms, found 1 plugins.
Preloading 0 native plugins for Editor in 0.00 ms.
Invoked RoslynAnalysisRunner static constructor.
RoslynAnalysisRunner will not be running.
RoslynAnalysisRunner has terminated.
Mono: successfully reloaded assembly
- Completed reload, in  1.443 seconds
Platform modules already initialized, skipping
Refreshing native plugins compatible for Editor in 0.10 ms, found 1 plugins.
Preloading 0 native plugins for Editor in 0.00 ms.
Unloading 1111 Unused Serialized files (Serialized files now loaded: 0)
System memory in use before: 127.7 MB.
System memory in use after: 127.8 MB.

Unloading 6 unused Assets to reduce memory usage. Loaded Objects now: 1644.
Total: 1.162458 ms (FindLiveObjects: 0.130292 ms CreateObjectMapping: 0.025125 ms MarkObjects: 0.985375 ms  DeleteObjects: 0.020750 ms)

========================================================================
Received Prepare
Registering precompiled user dll's ...
Registered in 0.000223 seconds.
Begin MonoManager ReloadAssembly
Native extension for OSXStandalone target not found
Refreshing native plugins compatible for Editor in 0.19 ms, found 1 plugins.
Preloading 0 native plugins for Editor in 0.00 ms.
Invoked RoslynAnalysisRunner static constructor.
RoslynAnalysisRunner will not be running.
RoslynAnalysisRunner has terminated.
Mono: successfully reloaded assembly
- Completed reload, in  1.547 seconds
Platform modules already initialized, skipping
Refreshing native plugins compatible for Editor in 0.18 ms, found 1 plugins.
Preloading 0 native plugins for Editor in 0.00 ms.
Unloading 1111 Unused Serialized files (Serialized files now loaded: 0)
System memory in use before: 127.9 MB.
System memory in use after: 128.0 MB.

Unloading 4 unused Assets to reduce memory usage. Loaded Objects now: 1647.
Total: 1.098417 ms (FindLiveObjects: 0.101791 ms CreateObjectMapping: 0.024292 ms MarkObjects: 0.955417 ms  DeleteObjects: 0.016250 ms)

========================================================================
Received Prepare
Registering precompiled user dll's ...
Registered in 0.000215 seconds.
Begin MonoManager ReloadAssembly
Native extension for OSXStandalone target not found
Refreshing native plugins compatible for Editor in 0.18 ms, found 1 plugins.
Preloading 0 native plugins for Editor in 0.00 ms.
Invoked RoslynAnalysisRunner static constructor.
RoslynAnalysisRunner will not be running.
RoslynAnalysisRunner has terminated.
Mono: successfully reloaded assembly
- Completed reload, in  1.563 seconds
Platform modules already initialized, skipping
Refreshing native plugins compatible for Editor in 0.18 ms, found 1 plugins.
Preloading 0 native plugins for Editor in 0.00 ms.
Unloading 1111 Unused Serialized files (Serialized files now loaded: 0)
System memory in use before: 128.1 MB.
System memory in use after: 128.2 MB.

Unloading 4 unused Assets to reduce memory usage. Loaded Objects now: 1650.
Total: 1.079958 ms (FindLiveObjects: 0.105917 ms CreateObjectMapping: 0.024292 ms MarkObjects: 0.936958 ms  DeleteObjects: 0.012000 ms)

========================================================================
Received Prepare
Registering precompiled user dll's ...
Registered in 0.000247 seconds.
Begin MonoManager ReloadAssembly
Native extension for OSXStandalone target not found
Refreshing native plugins compatible for Editor in 0.19 ms, found 1 plugins.
Preloading 0 native plugins for Editor in 0.00 ms.
Invoked RoslynAnalysisRunner static constructor.
RoslynAnalysisRunner will not be running.
RoslynAnalysisRunner has terminated.
Mono: successfully reloaded assembly
- Completed reload, in  1.585 seconds
Platform modules already initialized, skipping
Refreshing native plugins compatible for Editor in 0.12 ms, found 1 plugins.
Preloading 0 native plugins for Editor in 0.00 ms.
Unloading 1111 Unused Serialized files (Serialized files now loaded: 0)
System memory in use before: 128.3 MB.
System memory in use after: 128.4 MB.

Unloading 4 unused Assets to reduce memory usage. Loaded Objects now: 1653.
Total: 1.000834 ms (FindLiveObjects: 0.080291 ms CreateObjectMapping: 0.022375 ms MarkObjects: 0.887500 ms  DeleteObjects: 0.010083 ms)

========================================================================
Received Prepare
Registering precompiled user dll's ...
Registered in 0.000302 seconds.
Begin MonoManager ReloadAssembly
Native extension for OSXStandalone target not found
Refreshing native plugins compatible for Editor in 0.18 ms, found 1 plugins.
Preloading 0 native plugins for Editor in 0.00 ms.
Invoked RoslynAnalysisRunner static constructor.
RoslynAnalysisRunner will not be running.
RoslynAnalysisRunner has terminated.
Mono: successfully reloaded assembly
- Completed reload, in  1.630 seconds
Platform modules already initialized, skipping
Refreshing native plugins compatible for Editor in 0.16 ms, found 1 plugins.
Preloading 0 native plugins for Editor in 0.00 ms.
Unloading 1111 Unused Serialized files (Serialized files now loaded: 0)
System memory in use before: 128.4 MB.
System memory in use after: 128.6 MB.

Unloading 4 unused Assets to reduce memory usage. Loaded Objects now: 1656.
Total: 1.131334 ms (FindLiveObjects: 0.100375 ms CreateObjectMapping: 0.023792 ms MarkObjects: 0.995292 ms  DeleteObjects: 0.011000 ms)

========================================================================
Received Prepare
Registering precompiled user dll's ...
Registered in 0.000296 seconds.
Begin MonoManager ReloadAssembly
Native extension for OSXStandalone target not found
Refreshing native plugins compatible for Editor in 0.17 ms, found 1 plugins.
Preloading 0 native plugins for Editor in 0.00 ms.
Invoked RoslynAnalysisRunner static constructor.
RoslynAnalysisRunner will not be running.
RoslynAnalysisRunner has terminated.
Mono: successfully reloaded assembly
- Completed reload, in  1.572 seconds
Platform modules already initialized, skipping
Refreshing native plugins compatible for Editor in 0.17 ms, found 1 plugins.
Preloading 0 native plugins for Editor in 0.00 ms.
Unloading 1111 Unused Serialized files (Serialized files now loaded: 0)
System memory in use before: 128.6 MB.
System memory in use after: 128.7 MB.

Unloading 4 unused Assets to reduce memory usage. Loaded Objects now: 1659.
Total: 1.125750 ms (FindLiveObjects: 0.121375 ms CreateObjectMapping: 0.024000 ms MarkObjects: 0.957041 ms  DeleteObjects: 0.022417 ms)

========================================================================
Received Prepare
Registering precompiled user dll's ...
Registered in 0.000232 seconds.
Begin MonoManager ReloadAssembly
Native extension for OSXStandalone target not found
Refreshing native plugins compatible for Editor in 0.17 ms, found 1 plugins.
Preloading 0 native plugins for Editor in 0.00 ms.
Invoked RoslynAnalysisRunner static constructor.
RoslynAnalysisRunner will not be running.
RoslynAnalysisRunner has terminated.
Mono: successfully reloaded assembly
- Completed reload, in  1.505 seconds
Platform modules already initialized, skipping
Refreshing native plugins compatible for Editor in 0.12 ms, found 1 plugins.
Preloading 0 native plugins for Editor in 0.00 ms.
Unloading 1111 Unused Serialized files (Serialized files now loaded: 0)
System memory in use before: 128.8 MB.
System memory in use after: 128.9 MB.

Unloading 4 unused Assets to reduce memory usage. Loaded Objects now: 1662.
Total: 1.051375 ms (FindLiveObjects: 0.112416 ms CreateObjectMapping: 0.024042 ms MarkObjects: 0.897833 ms  DeleteObjects: 0.016125 ms)

========================================================================
Received Prepare
Registering precompiled user dll's ...
Registered in 0.000220 seconds.
Begin MonoManager ReloadAssembly
Native extension for OSXStandalone target not found
Refreshing native plugins compatible for Editor in 0.18 ms, found 1 plugins.
Preloading 0 native plugins for Editor in 0.00 ms.
Invoked RoslynAnalysisRunner static constructor.
RoslynAnalysisRunner will not be running.
RoslynAnalysisRunner has terminated.
Mono: successfully reloaded assembly
- Completed reload, in  1.553 seconds
Platform modules already initialized, skipping
Refreshing native plugins compatible for Editor in 0.16 ms, found 1 plugins.
Preloading 0 native plugins for Editor in 0.00 ms.
Unloading 1111 Unused Serialized files (Serialized files now loaded: 0)
System memory in use before: 129.0 MB.
System memory in use after: 129.1 MB.

Unloading 4 unused Assets to reduce memory usage. Loaded Objects now: 1665.
Total: 1.103208 ms (FindLiveObjects: 0.095042 ms CreateObjectMapping: 0.024417 ms MarkObjects: 0.963208 ms  DeleteObjects: 0.019667 ms)

========================================================================
Received Prepare
Registering precompiled user dll's ...
Registered in 0.000529 seconds.
Begin MonoManager ReloadAssembly
Native extension for OSXStandalone target not found
Refreshing native plugins compatible for Editor in 0.17 ms, found 1 plugins.
Preloading 0 native plugins for Editor in 0.00 ms.
Invoked RoslynAnalysisRunner static constructor.
RoslynAnalysisRunner will not be running.
RoslynAnalysisRunner has terminated.
Mono: successfully reloaded assembly
- Completed reload, in  1.480 seconds
Platform modules already initialized, skipping
Refreshing native plugins compatible for Editor in 0.11 ms, found 1 plugins.
Preloading 0 native plugins for Editor in 0.00 ms.
Unloading 1111 Unused Serialized files (Serialized files now loaded: 0)
System memory in use before: 129.2 MB.
System memory in use after: 129.3 MB.

Unloading 4 unused Assets to reduce memory usage. Loaded Objects now: 1668.
Total: 1.134167 ms (FindLiveObjects: 0.122500 ms CreateObjectMapping: 0.025167 ms MarkObjects: 0.972958 ms  DeleteObjects: 0.012583 ms)

========================================================================
Received Prepare
Registering precompiled user dll's ...
Registered in 0.000220 seconds.
Begin MonoManager ReloadAssembly
Native extension for OSXStandalone target not found
Refreshing native plugins compatible for Editor in 0.17 ms, found 1 plugins.
Preloading 0 native plugins for Editor in 0.00 ms.
Invoked RoslynAnalysisRunner static constructor.
RoslynAnalysisRunner will not be running.
RoslynAnalysisRunner has terminated.
Mono: successfully reloaded assembly
- Completed reload, in  1.465 seconds
Platform modules already initialized, skipping
Refreshing native plugins compatible for Editor in 0.10 ms, found 1 plugins.
Preloading 0 native plugins for Editor in 0.00 ms.
Unloading 1111 Unused Serialized files (Serialized files now loaded: 0)
System memory in use before: 129.4 MB.
System memory in use after: 129.5 MB.

Unloading 4 unused Assets to reduce memory usage. Loaded Objects now: 1671.
Total: 1.101542 ms (FindLiveObjects: 0.110833 ms CreateObjectMapping: 0.025125 ms MarkObjects: 0.954625 ms  DeleteObjects: 0.010083 ms)

========================================================================
Received Import Request.
  Time since last request: 2064.686330 seconds.
  path: Assets/prefabs/ball.prefab
  artifactKey: Guid(90331c9a3ad6844938a718fb7f005a4c) Importer(815301076,1909f56bfc062723c751e8b465ee728b)
Start importing Assets/prefabs/ball.prefab using Guid(90331c9a3ad6844938a718fb7f005a4c) Importer(815301076,1909f56bfc062723c751e8b465ee728b)  -> (artifact id: 'a7529349a5beff92a5032616ec887d6d') in 0.132666 seconds
  Import took 0.134178 seconds .

========================================================================
Received Prepare
Registering precompiled user dll's ...
Registered in 0.000218 seconds.
Begin MonoManager ReloadAssembly
Native extension for OSXStandalone target not found
Refreshing native plugins compatible for Editor in 0.17 ms, found 1 plugins.
Preloading 0 native plugins for Editor in 0.00 ms.
Invoked RoslynAnalysisRunner static constructor.
RoslynAnalysisRunner will not be running.
RoslynAnalysisRunner has terminated.
Mono: successfully reloaded assembly
- Completed reload, in  1.513 seconds
Platform modules already initialized, skipping
Refreshing native plugins compatible for Editor in 0.12 ms, found 1 plugins.
Preloading 0 native plugins for Editor in 0.00 ms.
Unloading 1111 Unused Serialized files (Serialized files now loaded: 0)
System memory in use before: 129.6 MB.
System memory in use after: 129.7 MB.

Unloading 5 unused Assets to reduce memory usage. Loaded Objects now: 1675.
Total: 1.130334 ms (FindLiveObjects: 0.092166 ms CreateObjectMapping: 0.025250 ms MarkObjects: 0.997875 ms  DeleteObjects: 0.014375 ms)

========================================================================
Received Prepare
Registering precompiled user dll's ...
Registered in 0.000272 seconds.
Begin MonoManager ReloadAssembly
Native extension for OSXStandalone target not found
Refreshing native plugins compatible for Editor in 0.17 ms, found 1 plugins.
Preloading 0 native plugins for Editor in 0.00 ms.
Invoked RoslynAnalysisRunner static constructor.
RoslynAnalysisRunner will not be running.
RoslynAnalysisRunner has terminated.
Mono: successfully reloaded assembly
- Completed reload, in  1.468 seconds
Platform modules already initialized, skipping
Refreshing native plugins compatible for Editor in 0.12 ms, found 1 plugins.
Preloading 0 native plugins for Editor in 0.00 ms.
Unloading 1111 Unused Serialized files (Serialized files now loaded: 0)
System memory in use before: 129.8 MB.
System memory in use after: 129.9 MB.

Unloading 4 unused Assets to reduce memory usage. Loaded Objects now: 1678.
Total: 1.140958 ms (FindLiveObjects: 0.136917 ms CreateObjectMapping: 0.024958 ms MarkObjects: 0.963542 ms  DeleteObjects: 0.014791 ms)

========================================================================
Received Import Request.
  Time since last request: 1051.583429 seconds.
  path: Assets/prefabs/ball.prefab
  artifactKey: Guid(90331c9a3ad6844938a718fb7f005a4c) Importer(815301076,1909f56bfc062723c751e8b465ee728b)
Start importing Assets/prefabs/ball.prefab using Guid(90331c9a3ad6844938a718fb7f005a4c) Importer(815301076,1909f56bfc062723c751e8b465ee728b)  -> (artifact id: '227dbb88f828af7f1550e0dcb7b3788a') in 0.135191 seconds
  Import took 0.136738 seconds .

========================================================================
Received Prepare
Registering precompiled user dll's ...
Registered in 0.000250 seconds.
Begin MonoManager ReloadAssembly
Native extension for OSXStandalone target not found
Refreshing native plugins compatible for Editor in 0.17 ms, found 1 plugins.
Preloading 0 native plugins for Editor in 0.00 ms.
Invoked RoslynAnalysisRunner static constructor.
RoslynAnalysisRunner will not be running.
RoslynAnalysisRunner has terminated.
Mono: successfully reloaded assembly
- Completed reload, in  1.465 seconds
Platform modules already initialized, skipping
Refreshing native plugins compatible for Editor in 0.18 ms, found 1 plugins.
Preloading 0 native plugins for Editor in 0.00 ms.
Unloading 1111 Unused Serialized files (Serialized files now loaded: 0)
System memory in use before: 130.0 MB.
System memory in use after: 130.1 MB.

Unloading 5 unused Assets to reduce memory usage. Loaded Objects now: 1682.
Total: 1.140541 ms (FindLiveObjects: 0.103958 ms CreateObjectMapping: 0.025750 ms MarkObjects: 0.988875 ms  DeleteObjects: 0.021000 ms)

========================================================================
Received Import Request.
  Time since last request: 83.369156 seconds.
  path: Assets/prefabs/ball.prefab
  artifactKey: Guid(90331c9a3ad6844938a718fb7f005a4c) Importer(815301076,1909f56bfc062723c751e8b465ee728b)
Start importing Assets/prefabs/ball.prefab using Guid(90331c9a3ad6844938a718fb7f005a4c) Importer(815301076,1909f56bfc062723c751e8b465ee728b)  -> (artifact id: '5d22b090807c796a13f4dbe63ad895a3') in 0.135413 seconds
  Import took 0.137029 seconds .

========================================================================
Received Import Request.
  Time since last request: 3.764051 seconds.
  path: Assets/prefabs/ball.prefab
  artifactKey: Guid(90331c9a3ad6844938a718fb7f005a4c) Importer(815301076,1909f56bfc062723c751e8b465ee728b)
Start importing Assets/prefabs/ball.prefab using Guid(90331c9a3ad6844938a718fb7f005a4c) Importer(815301076,1909f56bfc062723c751e8b465ee728b)  -> (artifact id: '5d22b090807c796a13f4dbe63ad895a3') in 0.012392 seconds
  Import took 0.014021 seconds .

========================================================================
Received Prepare
Registering precompiled user dll's ...
Registered in 0.000492 seconds.
Begin MonoManager ReloadAssembly
Native extension for OSXStandalone target not found
Refreshing native plugins compatible for Editor in 0.17 ms, found 1 plugins.
Preloading 0 native plugins for Editor in 0.00 ms.
Invoked RoslynAnalysisRunner static constructor.
RoslynAnalysisRunner will not be running.
RoslynAnalysisRunner has terminated.
Mono: successfully reloaded assembly
- Completed reload, in  1.505 seconds
Platform modules already initialized, skipping
Refreshing native plugins compatible for Editor in 0.14 ms, found 1 plugins.
Preloading 0 native plugins for Editor in 0.00 ms.
Unloading 1111 Unused Serialized files (Serialized files now loaded: 0)
System memory in use before: 130.2 MB.
System memory in use after: 130.3 MB.

Unloading 5 unused Assets to reduce memory usage. Loaded Objects now: 1686.
Total: 1.066083 ms (FindLiveObjects: 0.107750 ms CreateObjectMapping: 0.023708 ms MarkObjects: 0.915875 ms  DeleteObjects: 0.017833 ms)

========================================================================
Received Prepare
Registering precompiled user dll's ...
Registered in 0.000322 seconds.
Begin MonoManager ReloadAssembly
Native extension for OSXStandalone target not found
Refreshing native plugins compatible for Editor in 0.17 ms, found 1 plugins.
Preloading 0 native plugins for Editor in 0.00 ms.
Invoked RoslynAnalysisRunner static constructor.
RoslynAnalysisRunner will not be running.
RoslynAnalysisRunner has terminated.
Mono: successfully reloaded assembly
- Completed reload, in  1.525 seconds
Platform modules already initialized, skipping
Refreshing native plugins compatible for Editor in 0.12 ms, found 1 plugins.
Preloading 0 native plugins for Editor in 0.00 ms.
Unloading 1111 Unused Serialized files (Serialized files now loaded: 0)
System memory in use before: 130.4 MB.
System memory in use after: 130.5 MB.

Unloading 4 unused Assets to reduce memory usage. Loaded Objects now: 1689.
Total: 1.185958 ms (FindLiveObjects: 0.133208 ms CreateObjectMapping: 0.025208 ms MarkObjects: 1.004500 ms  DeleteObjects: 0.022458 ms)

========================================================================
Received Prepare
Registering precompiled user dll's ...
Registered in 0.000220 seconds.
Begin MonoManager ReloadAssembly
Native extension for OSXStandalone target not found
Refreshing native plugins compatible for Editor in 0.18 ms, found 1 plugins.
Preloading 0 native plugins for Editor in 0.00 ms.
Invoked RoslynAnalysisRunner static constructor.
RoslynAnalysisRunner will not be running.
RoslynAnalysisRunner has terminated.
Mono: successfully reloaded assembly
- Completed reload, in  1.621 seconds
Platform modules already initialized, skipping
Refreshing native plugins compatible for Editor in 0.17 ms, found 1 plugins.
Preloading 0 native plugins for Editor in 0.00 ms.
Unloading 1111 Unused Serialized files (Serialized files now loaded: 0)
System memory in use before: 130.6 MB.
System memory in use after: 130.7 MB.

Unloading 4 unused Assets to reduce memory usage. Loaded Objects now: 1692.
Total: 1.054875 ms (FindLiveObjects: 0.111708 ms CreateObjectMapping: 0.023833 ms MarkObjects: 0.900167 ms  DeleteObjects: 0.018125 ms)

========================================================================
Received Prepare
Registering precompiled user dll's ...
Registered in 0.000921 seconds.
Begin MonoManager ReloadAssembly
Native extension for OSXStandalone target not found
Refreshing native plugins compatible for Editor in 0.17 ms, found 1 plugins.
Preloading 0 native plugins for Editor in 0.00 ms.
Invoked RoslynAnalysisRunner static constructor.
RoslynAnalysisRunner will not be running.
RoslynAnalysisRunner has terminated.
Mono: successfully reloaded assembly
- Completed reload, in  1.487 seconds
Platform modules already initialized, skipping
Refreshing native plugins compatible for Editor in 0.14 ms, found 1 plugins.
Preloading 0 native plugins for Editor in 0.00 ms.
Unloading 1111 Unused Serialized files (Serialized files now loaded: 0)
System memory in use before: 130.8 MB.
System memory in use after: 130.9 MB.

Unloading 4 unused Assets to reduce memory usage. Loaded Objects now: 1695.
Total: 1.147291 ms (FindLiveObjects: 0.108458 ms CreateObjectMapping: 0.026167 ms MarkObjects: 0.998250 ms  DeleteObjects: 0.013584 ms)

========================================================================
Received Prepare
Registering precompiled user dll's ...
Registered in 0.000898 seconds.
Begin MonoManager ReloadAssembly
Native extension for OSXStandalone target not found
Refreshing native plugins compatible for Editor in 0.18 ms, found 1 plugins.
Preloading 0 native plugins for Editor in 0.00 ms.
Invoked RoslynAnalysisRunner static constructor.
RoslynAnalysisRunner will not be running.
RoslynAnalysisRunner has terminated.
Mono: successfully reloaded assembly
- Completed reload, in  1.699 seconds
Platform modules already initialized, skipping
Refreshing native plugins compatible for Editor in 0.18 ms, found 1 plugins.
Preloading 0 native plugins for Editor in 0.00 ms.
Unloading 1111 Unused Serialized files (Serialized files now loaded: 0)
System memory in use before: 130.9 MB.
System memory in use after: 131.0 MB.

Unloading 4 unused Assets to reduce memory usage. Loaded Objects now: 1698.
Total: 1.195208 ms (FindLiveObjects: 0.161333 ms CreateObjectMapping: 0.024834 ms MarkObjects: 0.990125 ms  DeleteObjects: 0.017958 ms)

========================================================================
Received Prepare
Registering precompiled user dll's ...
Registered in 0.000221 seconds.
Begin MonoManager ReloadAssembly
Native extension for OSXStandalone target not found
Refreshing native plugins compatible for Editor in 0.18 ms, found 1 plugins.
Preloading 0 native plugins for Editor in 0.00 ms.
Invoked RoslynAnalysisRunner static constructor.
RoslynAnalysisRunner will not be running.
RoslynAnalysisRunner has terminated.
Mono: successfully reloaded assembly
- Completed reload, in  1.624 seconds
Platform modules already initialized, skipping
Refreshing native plugins compatible for Editor in 0.15 ms, found 1 plugins.
Preloading 0 native plugins for Editor in 0.00 ms.
Unloading 1111 Unused Serialized files (Serialized files now loaded: 0)
System memory in use before: 131.1 MB.
System memory in use after: 131.2 MB.

Unloading 4 unused Assets to reduce memory usage. Loaded Objects now: 1701.
Total: 1.121542 ms (FindLiveObjects: 0.092875 ms CreateObjectMapping: 0.023833 ms MarkObjects: 0.987750 ms  DeleteObjects: 0.016125 ms)

========================================================================
Received Prepare
Registering precompiled user dll's ...
Registered in 0.000633 seconds.
Begin MonoManager ReloadAssembly
Native extension for OSXStandalone target not found
Refreshing native plugins compatible for Editor in 0.19 ms, found 1 plugins.
Preloading 0 native plugins for Editor in 0.00 ms.
Invoked RoslynAnalysisRunner static constructor.
RoslynAnalysisRunner will not be running.
RoslynAnalysisRunner has terminated.
Mono: successfully reloaded assembly
- Completed reload, in  1.621 seconds
Platform modules already initialized, skipping
Refreshing native plugins compatible for Editor in 0.16 ms, found 1 plugins.
Preloading 0 native plugins for Editor in 0.00 ms.
Unloading 1111 Unused Serialized files (Serialized files now loaded: 0)
System memory in use before: 131.3 MB.
System memory in use after: 131.4 MB.

Unloading 4 unused Assets to reduce memory usage. Loaded Objects now: 1704.
Total: 1.120792 ms (FindLiveObjects: 0.096084 ms CreateObjectMapping: 0.024459 ms MarkObjects: 0.986583 ms  DeleteObjects: 0.012875 ms)

========================================================================
Received Prepare
Registering precompiled user dll's ...
Registered in 0.000221 seconds.
Begin MonoManager ReloadAssembly
Native extension for OSXStandalone target not found
Refreshing native plugins compatible for Editor in 0.17 ms, found 1 plugins.
Preloading 0 native plugins for Editor in 0.00 ms.
Invoked RoslynAnalysisRunner static constructor.
RoslynAnalysisRunner will not be running.
RoslynAnalysisRunner has terminated.
Mono: successfully reloaded assembly
- Completed reload, in  1.570 seconds
Platform modules already initialized, skipping
Refreshing native plugins compatible for Editor in 0.16 ms, found 1 plugins.
Preloading 0 native plugins for Editor in 0.00 ms.
Unloading 1111 Unused Serialized files (Serialized files now loaded: 0)
System memory in use before: 131.5 MB.
System memory in use after: 131.6 MB.

Unloading 4 unused Assets to reduce memory usage. Loaded Objects now: 1707.
Total: 1.148625 ms (FindLiveObjects: 0.141375 ms CreateObjectMapping: 0.024333 ms MarkObjects: 0.970459 ms  DeleteObjects: 0.011750 ms)

========================================================================
Received Prepare
Registering precompiled user dll's ...
Registered in 0.000227 seconds.
Begin MonoManager ReloadAssembly
Native extension for OSXStandalone target not found
Refreshing native plugins compatible for Editor in 0.17 ms, found 1 plugins.
Preloading 0 native plugins for Editor in 0.00 ms.
Invoked RoslynAnalysisRunner static constructor.
RoslynAnalysisRunner will not be running.
RoslynAnalysisRunner has terminated.
Mono: successfully reloaded assembly
- Completed reload, in  1.578 seconds
Platform modules already initialized, skipping
Refreshing native plugins compatible for Editor in 0.11 ms, found 1 plugins.
Preloading 0 native plugins for Editor in 0.00 ms.
Unloading 1111 Unused Serialized files (Serialized files now loaded: 0)
System memory in use before: 131.7 MB.
System memory in use after: 131.8 MB.

Unloading 4 unused Assets to reduce memory usage. Loaded Objects now: 1710.
Total: 1.044583 ms (FindLiveObjects: 0.098666 ms CreateObjectMapping: 0.023375 ms MarkObjects: 0.909084 ms  DeleteObjects: 0.012709 ms)

========================================================================
Received Prepare
Registering precompiled user dll's ...
Registered in 0.001730 seconds.
Begin MonoManager ReloadAssembly
Native extension for OSXStandalone target not found
Refreshing native plugins compatible for Editor in 0.19 ms, found 1 plugins.
Preloading 0 native plugins for Editor in 0.00 ms.
Invoked RoslynAnalysisRunner static constructor.
RoslynAnalysisRunner will not be running.
RoslynAnalysisRunner has terminated.
Mono: successfully reloaded assembly
- Completed reload, in  1.651 seconds
Platform modules already initialized, skipping
Refreshing native plugins compatible for Editor in 0.18 ms, found 1 plugins.
Preloading 0 native plugins for Editor in 0.00 ms.
Unloading 1111 Unused Serialized files (Serialized files now loaded: 0)
System memory in use before: 131.9 MB.
System memory in use after: 132.0 MB.

Unloading 4 unused Assets to reduce memory usage. Loaded Objects now: 1713.
Total: 1.133833 ms (FindLiveObjects: 0.131875 ms CreateObjectMapping: 0.025208 ms MarkObjects: 0.961125 ms  DeleteObjects: 0.014833 ms)

========================================================================
Received Prepare
Registering precompiled user dll's ...
Registered in 0.000209 seconds.
Begin MonoManager ReloadAssembly
Native extension for OSXStandalone target not found
Refreshing native plugins compatible for Editor in 0.17 ms, found 1 plugins.
Preloading 0 native plugins for Editor in 0.00 ms.
Invoked RoslynAnalysisRunner static constructor.
RoslynAnalysisRunner will not be running.
RoslynAnalysisRunner has terminated.
Mono: successfully reloaded assembly
- Completed reload, in  1.602 seconds
Platform modules already initialized, skipping
Refreshing native plugins compatible for Editor in 0.15 ms, found 1 plugins.
Preloading 0 native plugins for Editor in 0.00 ms.
Unloading 1111 Unused Serialized files (Serialized files now loaded: 0)
System memory in use before: 132.0 MB.
System memory in use after: 132.1 MB.

Unloading 4 unused Assets to reduce memory usage. Loaded Objects now: 1716.
Total: 1.079667 ms (FindLiveObjects: 0.095709 ms CreateObjectMapping: 0.024875 ms MarkObjects: 0.944959 ms  DeleteObjects: 0.013375 ms)

========================================================================
Received Prepare
Registering precompiled user dll's ...
Registered in 0.000636 seconds.
Begin MonoManager ReloadAssembly
Native extension for OSXStandalone target not found
Refreshing native plugins compatible for Editor in 0.18 ms, found 1 plugins.
Preloading 0 native plugins for Editor in 0.00 ms.
Invoked RoslynAnalysisRunner static constructor.
RoslynAnalysisRunner will not be running.
RoslynAnalysisRunner has terminated.
Mono: successfully reloaded assembly
- Completed reload, in  1.522 seconds
Platform modules already initialized, skipping
Refreshing native plugins compatible for Editor in 0.14 ms, found 1 plugins.
Preloading 0 native plugins for Editor in 0.00 ms.
Unloading 1111 Unused Serialized files (Serialized files now loaded: 0)
System memory in use before: 132.2 MB.
System memory in use after: 132.3 MB.

Unloading 4 unused Assets to reduce memory usage. Loaded Objects now: 1719.
Total: 1.138750 ms (FindLiveObjects: 0.118167 ms CreateObjectMapping: 0.024334 ms MarkObjects: 0.974500 ms  DeleteObjects: 0.020875 ms)

========================================================================
Received Prepare
Registering precompiled user dll's ...
Registered in 0.000634 seconds.
Begin MonoManager ReloadAssembly
Native extension for OSXStandalone target not found
Refreshing native plugins compatible for Editor in 0.17 ms, found 1 plugins.
Preloading 0 native plugins for Editor in 0.00 ms.
Invoked RoslynAnalysisRunner static constructor.
RoslynAnalysisRunner will not be running.
RoslynAnalysisRunner has terminated.
Mono: successfully reloaded assembly
- Completed reload, in  1.463 seconds
Platform modules already initialized, skipping
Refreshing native plugins compatible for Editor in 0.12 ms, found 1 plugins.
Preloading 0 native plugins for Editor in 0.00 ms.
Unloading 1111 Unused Serialized files (Serialized files now loaded: 0)
System memory in use before: 132.4 MB.
System memory in use after: 132.5 MB.

Unloading 4 unused Assets to reduce memory usage. Loaded Objects now: 1722.
Total: 1.147291 ms (FindLiveObjects: 0.128500 ms CreateObjectMapping: 0.024209 ms MarkObjects: 0.983666 ms  DeleteObjects: 0.009917 ms)

========================================================================
Received Prepare
Registering precompiled user dll's ...
Registered in 0.000595 seconds.
Begin MonoManager ReloadAssembly
Native extension for OSXStandalone target not found
Refreshing native plugins compatible for Editor in 0.18 ms, found 1 plugins.
Preloading 0 native plugins for Editor in 0.00 ms.
Invoked RoslynAnalysisRunner static constructor.
RoslynAnalysisRunner will not be running.
RoslynAnalysisRunner has terminated.
Mono: successfully reloaded assembly
- Completed reload, in  1.621 seconds
Platform modules already initialized, skipping
Refreshing native plugins compatible for Editor in 0.16 ms, found 1 plugins.
Preloading 0 native plugins for Editor in 0.00 ms.
Unloading 1111 Unused Serialized files (Serialized files now loaded: 0)
System memory in use before: 132.6 MB.
System memory in use after: 132.7 MB.

Unloading 4 unused Assets to reduce memory usage. Loaded Objects now: 1725.
Total: 1.122167 ms (FindLiveObjects: 0.111417 ms CreateObjectMapping: 0.025333 ms MarkObjects: 0.968708 ms  DeleteObjects: 0.015917 ms)

========================================================================
Received Prepare
Registering precompiled user dll's ...
Registered in 0.000214 seconds.
Begin MonoManager ReloadAssembly
Native extension for OSXStandalone target not found
Refreshing native plugins compatible for Editor in 0.18 ms, found 1 plugins.
Preloading 0 native plugins for Editor in 0.00 ms.
Invoked RoslynAnalysisRunner static constructor.
RoslynAnalysisRunner will not be running.
RoslynAnalysisRunner has terminated.
Mono: successfully reloaded assembly
- Completed reload, in  1.586 seconds
Platform modules already initialized, skipping
Refreshing native plugins compatible for Editor in 0.15 ms, found 1 plugins.
Preloading 0 native plugins for Editor in 0.00 ms.
Unloading 1111 Unused Serialized files (Serialized files now loaded: 0)
System memory in use before: 132.7 MB.
System memory in use after: 132.8 MB.

Unloading 4 unused Assets to reduce memory usage. Loaded Objects now: 1728.
Total: 1.087333 ms (FindLiveObjects: 0.102292 ms CreateObjectMapping: 0.025292 ms MarkObjects: 0.947041 ms  DeleteObjects: 0.011917 ms)

========================================================================
Received Prepare
Registering precompiled user dll's ...
Registered in 0.000746 seconds.
Begin MonoManager ReloadAssembly
Native extension for OSXStandalone target not found
Refreshing native plugins compatible for Editor in 0.17 ms, found 1 plugins.
Preloading 0 native plugins for Editor in 0.00 ms.
Invoked RoslynAnalysisRunner static constructor.
RoslynAnalysisRunner will not be running.
RoslynAnalysisRunner has terminated.
Mono: successfully reloaded assembly
- Completed reload, in  1.504 seconds
Platform modules already initialized, skipping
Refreshing native plugins compatible for Editor in 0.12 ms, found 1 plugins.
Preloading 0 native plugins for Editor in 0.00 ms.
Unloading 1111 Unused Serialized files (Serialized files now loaded: 0)
System memory in use before: 132.9 MB.
System memory in use after: 133.0 MB.

Unloading 4 unused Assets to reduce memory usage. Loaded Objects now: 1731.
Total: 1.081709 ms (FindLiveObjects: 0.108417 ms CreateObjectMapping: 0.024375 ms MarkObjects: 0.936833 ms  DeleteObjects: 0.011083 ms)

========================================================================
Received Prepare
Registering precompiled user dll's ...
Registered in 0.000214 seconds.
Begin MonoManager ReloadAssembly
Native extension for OSXStandalone target not found
Refreshing native plugins compatible for Editor in 0.18 ms, found 1 plugins.
Preloading 0 native plugins for Editor in 0.00 ms.
Invoked RoslynAnalysisRunner static constructor.
RoslynAnalysisRunner will not be running.
RoslynAnalysisRunner has terminated.
Mono: successfully reloaded assembly
- Completed reload, in  1.562 seconds
Platform modules already initialized, skipping
Refreshing native plugins compatible for Editor in 0.24 ms, found 1 plugins.
Preloading 0 native plugins for Editor in 0.00 ms.
Unloading 1111 Unused Serialized files (Serialized files now loaded: 0)
System memory in use before: 133.0 MB.
System memory in use after: 133.1 MB.

Unloading 4 unused Assets to reduce memory usage. Loaded Objects now: 1734.
Total: 1.099708 ms (FindLiveObjects: 0.106041 ms CreateObjectMapping: 0.025167 ms MarkObjects: 0.953625 ms  DeleteObjects: 0.013625 ms)

========================================================================
Received Prepare
Registering precompiled user dll's ...
Registered in 0.001261 seconds.
Begin MonoManager ReloadAssembly
Native extension for OSXStandalone target not found
Refreshing native plugins compatible for Editor in 0.17 ms, found 1 plugins.
Preloading 0 native plugins for Editor in 0.00 ms.
Invoked RoslynAnalysisRunner static constructor.
RoslynAnalysisRunner will not be running.
RoslynAnalysisRunner has terminated.
Mono: successfully reloaded assembly
- Completed reload, in  1.533 seconds
Platform modules already initialized, skipping
Refreshing native plugins compatible for Editor in 0.11 ms, found 1 plugins.
Preloading 0 native plugins for Editor in 0.00 ms.
Unloading 1111 Unused Serialized files (Serialized files now loaded: 0)
System memory in use before: 133.2 MB.
System memory in use after: 133.3 MB.

Unloading 4 unused Assets to reduce memory usage. Loaded Objects now: 1737.
Total: 1.144292 ms (FindLiveObjects: 0.118833 ms CreateObjectMapping: 0.025792 ms MarkObjects: 0.987042 ms  DeleteObjects: 0.011792 ms)

