Using pre-set license

 COMMAND LINE ARGUMENTS:
/Applications/Unity/Unity.app/Contents/MacOS/Unity
-adb2
-batchMode
-noUpm
-name
AssetImportWorker0
-projectPath
/Users/sks/Desktop/MyGames/BallGame
-logFile
Logs/AssetImportWorker0.log
-srvPort
49457
Successfully changed project path to: /Users/sks/Desktop/MyGames/BallGame
/Users/sks/Desktop/MyGames/BallGame
Using Asset Import Pipeline V2.
Refreshing native plugins compatible for Editor in 19.96 ms, found 1 plugins.
Preloading 0 native plugins for Editor in 0.00 ms.
Initialize engine version: 2020.2.7f1 (c53830e277f1)
[Subsystems] Discovering subsystems at path /Applications/Unity/Unity.app/Contents/Resources/UnitySubsystems
[Subsystems] Discovering subsystems at path /Users/sks/Desktop/MyGames/BallGame/Assets
GfxDevice: creating device client; threaded=0
2021-04-28 12:10:42.615 Unity[896:23199] (null) preferred device: Apple M1 (high power)
2021-04-28 12:10:42.615 Unity[896:23199] Metal devices available: 1
2021-04-28 12:10:42.615 Unity[896:23199] 0: Apple M1 (high power)
2021-04-28 12:10:42.615 Unity[896:23199] Using device Apple M1 (high power)
Initializing Metal device caps: Apple M1
Initialize mono
Mono path[0] = '/Applications/Unity/Unity.app/Contents/Managed'
Mono path[1] = '/Applications/Unity/Unity.app/Contents/MonoBleedingEdge/lib/mono/unityjit'
Mono config path = '/Applications/Unity/Unity.app/Contents/MonoBleedingEdge/etc'
Using monoOptions --debugger-agent=transport=dt_socket,embedding=1,server=y,suspend=n,address=127.0.0.1:56896
Begin MonoManager ReloadAssembly
Registering precompiled unity dll's ...
Register platform support module: /Applications/Unity/Unity.app/Contents/PlaybackEngines/MacStandaloneSupport/UnityEditor.OSXStandalone.Extensions.dll
Registered in 0.001936 seconds.
Native extension for OSXStandalone target not found
Refreshing native plugins compatible for Editor in 21.05 ms, found 1 plugins.
Preloading 0 native plugins for Editor in 0.00 ms.
Invoked RoslynAnalysisRunner static constructor.
RoslynAnalysisRunner will not be running.
RoslynAnalysisRunner has terminated.
Mono: successfully reloaded assembly
- Completed reload, in  1.893 seconds
Platform modules already initialized, skipping
Registering precompiled user dll's ...
Registered in 0.001609 seconds.
Begin MonoManager ReloadAssembly
Native extension for OSXStandalone target not found
Refreshing native plugins compatible for Editor in 0.17 ms, found 1 plugins.
Preloading 0 native plugins for Editor in 0.00 ms.
Invoked RoslynAnalysisRunner static constructor.
RoslynAnalysisRunner will not be running.
RoslynAnalysisRunner has terminated.
Mono: successfully reloaded assembly
- Completed reload, in  1.618 seconds
Platform modules already initialized, skipping
========================================================================
Worker process is ready to serve import requests
Launching external process: /Applications/Unity/Unity.app/Contents/Tools/UnityShaderCompiler
Launched and connected shader compiler UnityShaderCompiler after 0.03 seconds
Refreshing native plugins compatible for Editor in 0.17 ms, found 1 plugins.
Preloading 0 native plugins for Editor in 0.00 ms.
Unloading 1117 Unused Serialized files (Serialized files now loaded: 0)
System memory in use before: 108.0 MB.
System memory in use after: 108.1 MB.

Unloading 9 unused Assets to reduce memory usage. Loaded Objects now: 1561.
Total: 1.289917 ms (FindLiveObjects: 0.121167 ms CreateObjectMapping: 0.024833 ms MarkObjects: 1.080458 ms  DeleteObjects: 0.062709 ms)

========================================================================
Received Import Request.
  path: Assets/prefabs/Level 3.prefab
  artifactKey: Guid(9aa170561e1104c659a0668e9763e906) Importer(815301076,1909f56bfc062723c751e8b465ee728b)
Start importing Assets/prefabs/Level 3.prefab using Guid(9aa170561e1104c659a0668e9763e906) Importer(815301076,1909f56bfc062723c751e8b465ee728b)  -> (artifact id: '936d4561c041fb99a70500816e20a8f7') in 0.871419 seconds
  Import took 0.873930 seconds .

========================================================================
Received Import Request.
  Time since last request: 4.650096 seconds.
  path: Assets/prefabs/Level 0.prefab
  artifactKey: Guid(9aa170561e1104c659a0668e9763e906) Importer(815301076,1909f56bfc062723c751e8b465ee728b)
Start importing Assets/prefabs/Level 0.prefab using Guid(9aa170561e1104c659a0668e9763e906) Importer(815301076,1909f56bfc062723c751e8b465ee728b)  -> (artifact id: '4d5b0a4bf2a26ad45596f74368f780f1') in 0.025790 seconds
  Import took 0.028365 seconds .

========================================================================
Received Import Request.
  Time since last request: 0.000901 seconds.
  path: Assets/prefabs/Level 0.prefab
  artifactKey: Guid(9aa170561e1104c659a0668e9763e906) Importer(815301076,1909f56bfc062723c751e8b465ee728b)
Start importing Assets/prefabs/Level 0.prefab using Guid(9aa170561e1104c659a0668e9763e906) Importer(815301076,1909f56bfc062723c751e8b465ee728b)  -> (artifact id: '4d5b0a4bf2a26ad45596f74368f780f1') in 0.015716 seconds
  Import took 0.017893 seconds .

========================================================================
Received Import Request.
  Time since last request: 44.085714 seconds.
  path: Assets/prefabs/Level 0.prefab
  artifactKey: Guid(9aa170561e1104c659a0668e9763e906) Importer(815301076,1909f56bfc062723c751e8b465ee728b)
Start importing Assets/prefabs/Level 0.prefab using Guid(9aa170561e1104c659a0668e9763e906) Importer(815301076,1909f56bfc062723c751e8b465ee728b)  -> (artifact id: '44ff8a166e52845b0474e62d9e2bb836') in 0.025892 seconds
  Import took 0.030719 seconds .

========================================================================
Received Prepare
Registering precompiled user dll's ...
Registered in 0.000214 seconds.
Begin MonoManager ReloadAssembly
Native extension for OSXStandalone target not found
Refreshing native plugins compatible for Editor in 0.18 ms, found 1 plugins.
Preloading 0 native plugins for Editor in 0.00 ms.
Invoked RoslynAnalysisRunner static constructor.
RoslynAnalysisRunner will not be running.
RoslynAnalysisRunner has terminated.
Mono: successfully reloaded assembly
- Completed reload, in  1.644 seconds
Platform modules already initialized, skipping
Refreshing native plugins compatible for Editor in 0.16 ms, found 1 plugins.
Preloading 0 native plugins for Editor in 0.00 ms.
Unloading 1111 Unused Serialized files (Serialized files now loaded: 0)
System memory in use before: 116.2 MB.
System memory in use after: 116.3 MB.

Unloading 4 unused Assets to reduce memory usage. Loaded Objects now: 1572.
Total: 1.103500 ms (FindLiveObjects: 0.111500 ms CreateObjectMapping: 0.023500 ms MarkObjects: 0.951167 ms  DeleteObjects: 0.016334 ms)

========================================================================
Received Prepare
Registering precompiled user dll's ...
Registered in 0.000221 seconds.
Begin MonoManager ReloadAssembly
Native extension for OSXStandalone target not found
Refreshing native plugins compatible for Editor in 0.18 ms, found 1 plugins.
Preloading 0 native plugins for Editor in 0.00 ms.
Invoked RoslynAnalysisRunner static constructor.
RoslynAnalysisRunner will not be running.
RoslynAnalysisRunner has terminated.
Mono: successfully reloaded assembly
- Completed reload, in  1.605 seconds
Platform modules already initialized, skipping
Refreshing native plugins compatible for Editor in 0.17 ms, found 1 plugins.
Preloading 0 native plugins for Editor in 0.00 ms.
Unloading 1111 Unused Serialized files (Serialized files now loaded: 0)
System memory in use before: 116.4 MB.
System memory in use after: 116.5 MB.

Unloading 4 unused Assets to reduce memory usage. Loaded Objects now: 1575.
Total: 1.123917 ms (FindLiveObjects: 0.122583 ms CreateObjectMapping: 0.023334 ms MarkObjects: 0.963833 ms  DeleteObjects: 0.013333 ms)

========================================================================
Received Prepare
Registering precompiled user dll's ...
Registered in 0.000544 seconds.
Begin MonoManager ReloadAssembly
Native extension for OSXStandalone target not found
Refreshing native plugins compatible for Editor in 0.17 ms, found 1 plugins.
Preloading 0 native plugins for Editor in 0.00 ms.
Invoked RoslynAnalysisRunner static constructor.
RoslynAnalysisRunner will not be running.
RoslynAnalysisRunner has terminated.
Mono: successfully reloaded assembly
- Completed reload, in  1.537 seconds
Platform modules already initialized, skipping
Refreshing native plugins compatible for Editor in 0.13 ms, found 1 plugins.
Preloading 0 native plugins for Editor in 0.00 ms.
Unloading 1111 Unused Serialized files (Serialized files now loaded: 0)
System memory in use before: 116.6 MB.
System memory in use after: 116.7 MB.

Unloading 4 unused Assets to reduce memory usage. Loaded Objects now: 1578.
Total: 1.116083 ms (FindLiveObjects: 0.090166 ms CreateObjectMapping: 0.024375 ms MarkObjects: 0.990750 ms  DeleteObjects: 0.009958 ms)

========================================================================
Received Import Request.
  Time since last request: 307.061713 seconds.
  path: Assets/prefabs/Level 0.prefab
  artifactKey: Guid(9aa170561e1104c659a0668e9763e906) Importer(815301076,1909f56bfc062723c751e8b465ee728b)
Start importing Assets/prefabs/Level 0.prefab using Guid(9aa170561e1104c659a0668e9763e906) Importer(815301076,1909f56bfc062723c751e8b465ee728b)  -> (artifact id: '5ef1c3b4e9ed43aadb84631dcc4a2e83') in 0.165301 seconds
  Import took 0.166871 seconds .

========================================================================
Received Prepare
Registering precompiled user dll's ...
Registered in 0.001198 seconds.
Begin MonoManager ReloadAssembly
Native extension for OSXStandalone target not found
Refreshing native plugins compatible for Editor in 0.18 ms, found 1 plugins.
Preloading 0 native plugins for Editor in 0.00 ms.
Invoked RoslynAnalysisRunner static constructor.
RoslynAnalysisRunner will not be running.
RoslynAnalysisRunner has terminated.
Mono: successfully reloaded assembly
- Completed reload, in  1.656 seconds
Platform modules already initialized, skipping
Refreshing native plugins compatible for Editor in 0.15 ms, found 1 plugins.
Preloading 0 native plugins for Editor in 0.00 ms.
Unloading 1111 Unused Serialized files (Serialized files now loaded: 0)
System memory in use before: 116.8 MB.
System memory in use after: 116.9 MB.

Unloading 4 unused Assets to reduce memory usage. Loaded Objects now: 1582.
Total: 1.076875 ms (FindLiveObjects: 0.098542 ms CreateObjectMapping: 0.023459 ms MarkObjects: 0.937375 ms  DeleteObjects: 0.016333 ms)

========================================================================
Received Prepare
Registering precompiled user dll's ...
Registered in 0.000204 seconds.
Begin MonoManager ReloadAssembly
Native extension for OSXStandalone target not found
Refreshing native plugins compatible for Editor in 0.18 ms, found 1 plugins.
Preloading 0 native plugins for Editor in 0.00 ms.
Invoked RoslynAnalysisRunner static constructor.
RoslynAnalysisRunner will not be running.
RoslynAnalysisRunner has terminated.
Mono: successfully reloaded assembly
- Completed reload, in  1.634 seconds
Platform modules already initialized, skipping
Refreshing native plugins compatible for Editor in 0.14 ms, found 1 plugins.
Preloading 0 native plugins for Editor in 0.00 ms.
Unloading 1111 Unused Serialized files (Serialized files now loaded: 0)
System memory in use before: 117.0 MB.
System memory in use after: 117.1 MB.

Unloading 4 unused Assets to reduce memory usage. Loaded Objects now: 1585.
Total: 1.134125 ms (FindLiveObjects: 0.106041 ms CreateObjectMapping: 0.023459 ms MarkObjects: 0.993875 ms  DeleteObjects: 0.010000 ms)

========================================================================
Received Prepare
Registering precompiled user dll's ...
Registered in 0.000559 seconds.
Begin MonoManager ReloadAssembly
Native extension for OSXStandalone target not found
Refreshing native plugins compatible for Editor in 0.17 ms, found 1 plugins.
Preloading 0 native plugins for Editor in 0.00 ms.
Invoked RoslynAnalysisRunner static constructor.
RoslynAnalysisRunner will not be running.
RoslynAnalysisRunner has terminated.
Mono: successfully reloaded assembly
- Completed reload, in  1.551 seconds
Platform modules already initialized, skipping
Refreshing native plugins compatible for Editor in 0.14 ms, found 1 plugins.
Preloading 0 native plugins for Editor in 0.00 ms.
Unloading 1111 Unused Serialized files (Serialized files now loaded: 0)
System memory in use before: 117.1 MB.
System memory in use after: 117.2 MB.

Unloading 4 unused Assets to reduce memory usage. Loaded Objects now: 1588.
Total: 1.086458 ms (FindLiveObjects: 0.089375 ms CreateObjectMapping: 0.024625 ms MarkObjects: 0.960875 ms  DeleteObjects: 0.010625 ms)

========================================================================
Received Prepare
Registering precompiled user dll's ...
Registered in 0.000271 seconds.
Begin MonoManager ReloadAssembly
Native extension for OSXStandalone target not found
Refreshing native plugins compatible for Editor in 0.17 ms, found 1 plugins.
Preloading 0 native plugins for Editor in 0.00 ms.
Invoked RoslynAnalysisRunner static constructor.
RoslynAnalysisRunner will not be running.
RoslynAnalysisRunner has terminated.
Mono: successfully reloaded assembly
- Completed reload, in  1.645 seconds
Platform modules already initialized, skipping
Refreshing native plugins compatible for Editor in 0.12 ms, found 1 plugins.
Preloading 0 native plugins for Editor in 0.00 ms.
Unloading 1111 Unused Serialized files (Serialized files now loaded: 0)
System memory in use before: 117.3 MB.
System memory in use after: 117.4 MB.

Unloading 4 unused Assets to reduce memory usage. Loaded Objects now: 1591.
Total: 1.041542 ms (FindLiveObjects: 0.093416 ms CreateObjectMapping: 0.022959 ms MarkObjects: 0.906375 ms  DeleteObjects: 0.018041 ms)

========================================================================
Received Prepare
Registering precompiled user dll's ...
Registered in 0.000222 seconds.
Begin MonoManager ReloadAssembly
Native extension for OSXStandalone target not found
Refreshing native plugins compatible for Editor in 0.17 ms, found 1 plugins.
Preloading 0 native plugins for Editor in 0.00 ms.
Invoked RoslynAnalysisRunner static constructor.
RoslynAnalysisRunner will not be running.
RoslynAnalysisRunner has terminated.
Mono: successfully reloaded assembly
- Completed reload, in  1.691 seconds
Platform modules already initialized, skipping
Refreshing native plugins compatible for Editor in 0.11 ms, found 1 plugins.
Preloading 0 native plugins for Editor in 0.00 ms.
Unloading 1111 Unused Serialized files (Serialized files now loaded: 0)
System memory in use before: 117.5 MB.
System memory in use after: 117.6 MB.

Unloading 4 unused Assets to reduce memory usage. Loaded Objects now: 1594.
Total: 1.112750 ms (FindLiveObjects: 0.094583 ms CreateObjectMapping: 0.023292 ms MarkObjects: 0.982709 ms  DeleteObjects: 0.011333 ms)

========================================================================
Received Prepare
Registering precompiled user dll's ...
Registered in 0.000489 seconds.
Begin MonoManager ReloadAssembly
Native extension for OSXStandalone target not found
Refreshing native plugins compatible for Editor in 0.18 ms, found 1 plugins.
Preloading 0 native plugins for Editor in 0.00 ms.
Invoked RoslynAnalysisRunner static constructor.
RoslynAnalysisRunner will not be running.
RoslynAnalysisRunner has terminated.
Mono: successfully reloaded assembly
- Completed reload, in  1.669 seconds
Platform modules already initialized, skipping
Refreshing native plugins compatible for Editor in 0.14 ms, found 1 plugins.
Preloading 0 native plugins for Editor in 0.00 ms.
Unloading 1111 Unused Serialized files (Serialized files now loaded: 0)
System memory in use before: 117.7 MB.
System memory in use after: 117.8 MB.

Unloading 4 unused Assets to reduce memory usage. Loaded Objects now: 1597.
Total: 1.034625 ms (FindLiveObjects: 0.086208 ms CreateObjectMapping: 0.023500 ms MarkObjects: 0.913542 ms  DeleteObjects: 0.010583 ms)

========================================================================
Received Prepare
Registering precompiled user dll's ...
Registered in 0.000215 seconds.
Begin MonoManager ReloadAssembly
Native extension for OSXStandalone target not found
Refreshing native plugins compatible for Editor in 0.18 ms, found 1 plugins.
Preloading 0 native plugins for Editor in 0.00 ms.
Invoked RoslynAnalysisRunner static constructor.
RoslynAnalysisRunner will not be running.
RoslynAnalysisRunner has terminated.
Mono: successfully reloaded assembly
- Completed reload, in  1.581 seconds
Platform modules already initialized, skipping
Refreshing native plugins compatible for Editor in 0.16 ms, found 1 plugins.
Preloading 0 native plugins for Editor in 0.00 ms.
Unloading 1111 Unused Serialized files (Serialized files now loaded: 0)
System memory in use before: 117.9 MB.
System memory in use after: 118.0 MB.

Unloading 4 unused Assets to reduce memory usage. Loaded Objects now: 1600.
Total: 1.016375 ms (FindLiveObjects: 0.083250 ms CreateObjectMapping: 0.023041 ms MarkObjects: 0.896125 ms  DeleteObjects: 0.012875 ms)

========================================================================
Received Prepare
Registering precompiled user dll's ...
Registered in 0.000209 seconds.
Begin MonoManager ReloadAssembly
Native extension for OSXStandalone target not found
Refreshing native plugins compatible for Editor in 0.17 ms, found 1 plugins.
Preloading 0 native plugins for Editor in 0.00 ms.
Invoked RoslynAnalysisRunner static constructor.
RoslynAnalysisRunner will not be running.
RoslynAnalysisRunner has terminated.
Mono: successfully reloaded assembly
- Completed reload, in  1.504 seconds
Platform modules already initialized, skipping
Refreshing native plugins compatible for Editor in 0.12 ms, found 1 plugins.
Preloading 0 native plugins for Editor in 0.00 ms.
Unloading 1111 Unused Serialized files (Serialized files now loaded: 0)
System memory in use before: 118.0 MB.
System memory in use after: 118.1 MB.

Unloading 4 unused Assets to reduce memory usage. Loaded Objects now: 1603.
Total: 1.102542 ms (FindLiveObjects: 0.092042 ms CreateObjectMapping: 0.025084 ms MarkObjects: 0.973458 ms  DeleteObjects: 0.010791 ms)

========================================================================
Received Prepare
Registering precompiled user dll's ...
Registered in 0.000218 seconds.
Begin MonoManager ReloadAssembly
Native extension for OSXStandalone target not found
Refreshing native plugins compatible for Editor in 0.18 ms, found 1 plugins.
Preloading 0 native plugins for Editor in 0.00 ms.
Invoked RoslynAnalysisRunner static constructor.
RoslynAnalysisRunner will not be running.
RoslynAnalysisRunner has terminated.
Mono: successfully reloaded assembly
- Completed reload, in  1.594 seconds
Platform modules already initialized, skipping
Refreshing native plugins compatible for Editor in 0.17 ms, found 1 plugins.
Preloading 0 native plugins for Editor in 0.00 ms.
Unloading 1111 Unused Serialized files (Serialized files now loaded: 0)
System memory in use before: 118.2 MB.
System memory in use after: 118.3 MB.

Unloading 4 unused Assets to reduce memory usage. Loaded Objects now: 1606.
Total: 1.152125 ms (FindLiveObjects: 0.115208 ms CreateObjectMapping: 0.024542 ms MarkObjects: 0.996833 ms  DeleteObjects: 0.014416 ms)

========================================================================
Received Prepare
Registering precompiled user dll's ...
Registered in 0.000525 seconds.
Begin MonoManager ReloadAssembly
Native extension for OSXStandalone target not found
Refreshing native plugins compatible for Editor in 0.17 ms, found 1 plugins.
Preloading 0 native plugins for Editor in 0.00 ms.
Invoked RoslynAnalysisRunner static constructor.
RoslynAnalysisRunner will not be running.
RoslynAnalysisRunner has terminated.
Mono: successfully reloaded assembly
- Completed reload, in  1.535 seconds
Platform modules already initialized, skipping
Refreshing native plugins compatible for Editor in 0.11 ms, found 1 plugins.
Preloading 0 native plugins for Editor in 0.00 ms.
Unloading 1111 Unused Serialized files (Serialized files now loaded: 0)
System memory in use before: 118.4 MB.
System memory in use after: 118.5 MB.

Unloading 4 unused Assets to reduce memory usage. Loaded Objects now: 1609.
Total: 1.115125 ms (FindLiveObjects: 0.116167 ms CreateObjectMapping: 0.024791 ms MarkObjects: 0.960209 ms  DeleteObjects: 0.013167 ms)

========================================================================
Received Prepare
Registering precompiled user dll's ...
Registered in 0.000585 seconds.
Begin MonoManager ReloadAssembly
Native extension for OSXStandalone target not found
Refreshing native plugins compatible for Editor in 0.20 ms, found 1 plugins.
Preloading 0 native plugins for Editor in 0.00 ms.
Invoked RoslynAnalysisRunner static constructor.
RoslynAnalysisRunner will not be running.
RoslynAnalysisRunner has terminated.
Mono: successfully reloaded assembly
- Completed reload, in  1.767 seconds
Platform modules already initialized, skipping
Refreshing native plugins compatible for Editor in 0.18 ms, found 1 plugins.
Preloading 0 native plugins for Editor in 0.00 ms.
Unloading 1111 Unused Serialized files (Serialized files now loaded: 0)
System memory in use before: 118.6 MB.
System memory in use after: 118.7 MB.

Unloading 4 unused Assets to reduce memory usage. Loaded Objects now: 1612.
Total: 1.177041 ms (FindLiveObjects: 0.159750 ms CreateObjectMapping: 0.024667 ms MarkObjects: 0.974166 ms  DeleteObjects: 0.017083 ms)

========================================================================
Received Prepare
Registering precompiled user dll's ...
Registered in 0.000205 seconds.
Begin MonoManager ReloadAssembly
Native extension for OSXStandalone target not found
Refreshing native plugins compatible for Editor in 0.18 ms, found 1 plugins.
Preloading 0 native plugins for Editor in 0.00 ms.
Invoked RoslynAnalysisRunner static constructor.
RoslynAnalysisRunner will not be running.
RoslynAnalysisRunner has terminated.
Mono: successfully reloaded assembly
- Completed reload, in  1.599 seconds
Platform modules already initialized, skipping
Refreshing native plugins compatible for Editor in 0.16 ms, found 1 plugins.
Preloading 0 native plugins for Editor in 0.00 ms.
Unloading 1111 Unused Serialized files (Serialized files now loaded: 0)
System memory in use before: 118.8 MB.
System memory in use after: 118.9 MB.

Unloading 4 unused Assets to reduce memory usage. Loaded Objects now: 1615.
Total: 0.996041 ms (FindLiveObjects: 0.090208 ms CreateObjectMapping: 0.022917 ms MarkObjects: 0.872084 ms  DeleteObjects: 0.009917 ms)

========================================================================
Received Prepare
Registering precompiled user dll's ...
Registered in 0.000561 seconds.
Begin MonoManager ReloadAssembly
Native extension for OSXStandalone target not found
Refreshing native plugins compatible for Editor in 0.17 ms, found 1 plugins.
Preloading 0 native plugins for Editor in 0.00 ms.
Invoked RoslynAnalysisRunner static constructor.
RoslynAnalysisRunner will not be running.
RoslynAnalysisRunner has terminated.
Mono: successfully reloaded assembly
- Completed reload, in  1.597 seconds
Platform modules already initialized, skipping
Refreshing native plugins compatible for Editor in 0.16 ms, found 1 plugins.
Preloading 0 native plugins for Editor in 0.00 ms.
Unloading 1111 Unused Serialized files (Serialized files now loaded: 0)
System memory in use before: 118.9 MB.
System memory in use after: 119.0 MB.

Unloading 4 unused Assets to reduce memory usage. Loaded Objects now: 1618.
Total: 1.065167 ms (FindLiveObjects: 0.096208 ms CreateObjectMapping: 0.023417 ms MarkObjects: 0.934250 ms  DeleteObjects: 0.010584 ms)

========================================================================
Received Prepare
Registering precompiled user dll's ...
Registered in 0.000601 seconds.
Begin MonoManager ReloadAssembly
Native extension for OSXStandalone target not found
Refreshing native plugins compatible for Editor in 0.18 ms, found 1 plugins.
Preloading 0 native plugins for Editor in 0.00 ms.
Invoked RoslynAnalysisRunner static constructor.
RoslynAnalysisRunner will not be running.
RoslynAnalysisRunner has terminated.
Mono: successfully reloaded assembly
- Completed reload, in  1.649 seconds
Platform modules already initialized, skipping
Refreshing native plugins compatible for Editor in 0.18 ms, found 1 plugins.
Preloading 0 native plugins for Editor in 0.00 ms.
Unloading 1111 Unused Serialized files (Serialized files now loaded: 0)
System memory in use before: 119.1 MB.
System memory in use after: 119.2 MB.

Unloading 4 unused Assets to reduce memory usage. Loaded Objects now: 1621.
Total: 1.115042 ms (FindLiveObjects: 0.114792 ms CreateObjectMapping: 0.024459 ms MarkObjects: 0.960875 ms  DeleteObjects: 0.013459 ms)

========================================================================
Received Prepare
Registering precompiled user dll's ...
Registered in 0.000222 seconds.
Begin MonoManager ReloadAssembly
Native extension for OSXStandalone target not found
Refreshing native plugins compatible for Editor in 0.17 ms, found 1 plugins.
Preloading 0 native plugins for Editor in 0.00 ms.
Invoked RoslynAnalysisRunner static constructor.
RoslynAnalysisRunner will not be running.
RoslynAnalysisRunner has terminated.
Mono: successfully reloaded assembly
- Completed reload, in  1.626 seconds
Platform modules already initialized, skipping
Refreshing native plugins compatible for Editor in 0.16 ms, found 1 plugins.
Preloading 0 native plugins for Editor in 0.00 ms.
Unloading 1111 Unused Serialized files (Serialized files now loaded: 0)
System memory in use before: 119.3 MB.
System memory in use after: 119.4 MB.

Unloading 4 unused Assets to reduce memory usage. Loaded Objects now: 1624.
Total: 1.221875 ms (FindLiveObjects: 0.134875 ms CreateObjectMapping: 0.025708 ms MarkObjects: 1.045042 ms  DeleteObjects: 0.015417 ms)

========================================================================
Received Import Request.
  Time since last request: 2616.079435 seconds.
  path: Assets/materials/New Material 1.mat
  artifactKey: Guid(befc21cf015dc4371b4f4c31d58a2347) Importer(815301076,1909f56bfc062723c751e8b465ee728b)
Start importing Assets/materials/New Material 1.mat using Guid(befc21cf015dc4371b4f4c31d58a2347) Importer(815301076,1909f56bfc062723c751e8b465ee728b)  -> (artifact id: 'e6524f9bd034b625554fc3cecf9023a1') in 0.392729 seconds
  Import took 0.394873 seconds .

========================================================================
Received Import Request.
  Time since last request: 0.000202 seconds.
  path: Assets/materials/New Material.mat
  artifactKey: Guid(07bf0fb9650d04bf9bda4bcf790941c6) Importer(815301076,1909f56bfc062723c751e8b465ee728b)
Start importing Assets/materials/New Material.mat using Guid(07bf0fb9650d04bf9bda4bcf790941c6) Importer(815301076,1909f56bfc062723c751e8b465ee728b)  -> (artifact id: '6f399fe407a07ecb6a2ea03d937bba9d') in 0.013100 seconds
  Import took 0.014413 seconds .

========================================================================
Received Prepare
Registering precompiled user dll's ...
Registered in 0.000590 seconds.
Begin MonoManager ReloadAssembly
Native extension for OSXStandalone target not found
Refreshing native plugins compatible for Editor in 0.17 ms, found 1 plugins.
Preloading 0 native plugins for Editor in 0.00 ms.
Invoked RoslynAnalysisRunner static constructor.
RoslynAnalysisRunner will not be running.
RoslynAnalysisRunner has terminated.
Mono: successfully reloaded assembly
- Completed reload, in  1.529 seconds
Platform modules already initialized, skipping
Refreshing native plugins compatible for Editor in 0.13 ms, found 1 plugins.
Preloading 0 native plugins for Editor in 0.00 ms.
Unloading 1111 Unused Serialized files (Serialized files now loaded: 0)
System memory in use before: 124.0 MB.
System memory in use after: 124.1 MB.

Unloading 4 unused Assets to reduce memory usage. Loaded Objects now: 1661.
Total: 1.137458 ms (FindLiveObjects: 0.098083 ms CreateObjectMapping: 0.025417 ms MarkObjects: 1.001750 ms  DeleteObjects: 0.011250 ms)

========================================================================
Received Import Request.
  Time since last request: 36.103487 seconds.
  path: Assets/prefabs/Brick 2.prefab
  artifactKey: Guid(b2c4d02183d224dbca06787d0f1bc45a) Importer(815301076,1909f56bfc062723c751e8b465ee728b)
Start importing Assets/prefabs/Brick 2.prefab using Guid(b2c4d02183d224dbca06787d0f1bc45a) Importer(815301076,1909f56bfc062723c751e8b465ee728b)  -> (artifact id: 'ed03fe8962407093c4f72fc91ea494a8') in 0.174207 seconds
  Import took 0.176384 seconds .

========================================================================
Received Import Request.
  Time since last request: 100.145160 seconds.
  path: Assets/prefabs/Level 0.prefab
  artifactKey: Guid(9aa170561e1104c659a0668e9763e906) Importer(815301076,1909f56bfc062723c751e8b465ee728b)
Start importing Assets/prefabs/Level 0.prefab using Guid(9aa170561e1104c659a0668e9763e906) Importer(815301076,1909f56bfc062723c751e8b465ee728b)  -> (artifact id: '9447542a292152e32718b1ee074efe3d') in 0.018808 seconds
  Import took 0.020666 seconds .

========================================================================
Received Import Request.
  Time since last request: 223.634751 seconds.
  path: Assets/prefabs/Level 1.prefab
  artifactKey: Guid(4ccad8a7d959d4554b6bc53c13613978) Importer(815301076,1909f56bfc062723c751e8b465ee728b)
Start importing Assets/prefabs/Level 1.prefab using Guid(4ccad8a7d959d4554b6bc53c13613978) Importer(815301076,1909f56bfc062723c751e8b465ee728b)  -> (artifact id: '03c89d9dcf0a967a6cbbc6556cbf1b99') in 0.016151 seconds
  Import took 0.017999 seconds .

========================================================================
Received Prepare
Registering precompiled user dll's ...
Registered in 0.000528 seconds.
Begin MonoManager ReloadAssembly
Native extension for OSXStandalone target not found
Refreshing native plugins compatible for Editor in 0.17 ms, found 1 plugins.
Preloading 0 native plugins for Editor in 0.00 ms.
Invoked RoslynAnalysisRunner static constructor.
RoslynAnalysisRunner will not be running.
RoslynAnalysisRunner has terminated.
Mono: successfully reloaded assembly
- Completed reload, in  1.515 seconds
Platform modules already initialized, skipping
Refreshing native plugins compatible for Editor in 0.15 ms, found 1 plugins.
Preloading 0 native plugins for Editor in 0.00 ms.
Unloading 1111 Unused Serialized files (Serialized files now loaded: 0)
System memory in use before: 124.2 MB.
System memory in use after: 124.3 MB.

Unloading 4 unused Assets to reduce memory usage. Loaded Objects now: 1665.
Total: 1.131958 ms (FindLiveObjects: 0.106333 ms CreateObjectMapping: 0.024375 ms MarkObjects: 0.984958 ms  DeleteObjects: 0.014917 ms)

========================================================================
Received Import Request.
  Time since last request: 110.551267 seconds.
  path: Assets/prefabs/ball.prefab
  artifactKey: Guid(90331c9a3ad6844938a718fb7f005a4c) Importer(815301076,1909f56bfc062723c751e8b465ee728b)
Start importing Assets/prefabs/ball.prefab using Guid(90331c9a3ad6844938a718fb7f005a4c) Importer(815301076,1909f56bfc062723c751e8b465ee728b)  -> (artifact id: '38f2fb4b362c1d6ca769f3a88639ea29') in 0.161600 seconds
  Import took 0.163386 seconds .

========================================================================
Received Prepare
Registering precompiled user dll's ...
Registered in 0.000210 seconds.
Begin MonoManager ReloadAssembly
Native extension for OSXStandalone target not found
Refreshing native plugins compatible for Editor in 0.17 ms, found 1 plugins.
Preloading 0 native plugins for Editor in 0.00 ms.
Invoked RoslynAnalysisRunner static constructor.
RoslynAnalysisRunner will not be running.
RoslynAnalysisRunner has terminated.
Mono: successfully reloaded assembly
- Completed reload, in  1.610 seconds
Platform modules already initialized, skipping
Refreshing native plugins compatible for Editor in 0.16 ms, found 1 plugins.
Preloading 0 native plugins for Editor in 0.00 ms.
Unloading 1111 Unused Serialized files (Serialized files now loaded: 0)
System memory in use before: 124.5 MB.
System memory in use after: 124.6 MB.

Unloading 5 unused Assets to reduce memory usage. Loaded Objects now: 1670.
Total: 1.090792 ms (FindLiveObjects: 0.098625 ms CreateObjectMapping: 0.024292 ms MarkObjects: 0.947666 ms  DeleteObjects: 0.019208 ms)

========================================================================
Received Prepare
Registering precompiled user dll's ...
Registered in 0.000232 seconds.
Begin MonoManager ReloadAssembly
Native extension for OSXStandalone target not found
Refreshing native plugins compatible for Editor in 0.17 ms, found 1 plugins.
Preloading 0 native plugins for Editor in 0.00 ms.
Invoked RoslynAnalysisRunner static constructor.
RoslynAnalysisRunner will not be running.
RoslynAnalysisRunner has terminated.
Mono: successfully reloaded assembly
- Completed reload, in  1.535 seconds
Platform modules already initialized, skipping
Refreshing native plugins compatible for Editor in 0.11 ms, found 1 plugins.
Preloading 0 native plugins for Editor in 0.00 ms.
Unloading 1111 Unused Serialized files (Serialized files now loaded: 0)
System memory in use before: 124.7 MB.
System memory in use after: 124.8 MB.

Unloading 4 unused Assets to reduce memory usage. Loaded Objects now: 1673.
Total: 1.174417 ms (FindLiveObjects: 0.129625 ms CreateObjectMapping: 0.025875 ms MarkObjects: 1.007708 ms  DeleteObjects: 0.010500 ms)

========================================================================
Received Import Request.
  Time since last request: 142.565967 seconds.
  path: Assets/prefabs/ball.prefab
  artifactKey: Guid(90331c9a3ad6844938a718fb7f005a4c) Importer(815301076,1909f56bfc062723c751e8b465ee728b)
Start importing Assets/prefabs/ball.prefab using Guid(90331c9a3ad6844938a718fb7f005a4c) Importer(815301076,1909f56bfc062723c751e8b465ee728b)  -> (artifact id: 'cefc079103fe9899806a877475aad323') in 0.145812 seconds
  Import took 0.147563 seconds .

========================================================================
Received Import Request.
  Time since last request: 46.230567 seconds.
  path: Assets/prefabs/Level 1.prefab
  artifactKey: Guid(4ccad8a7d959d4554b6bc53c13613978) Importer(815301076,1909f56bfc062723c751e8b465ee728b)
Start importing Assets/prefabs/Level 1.prefab using Guid(4ccad8a7d959d4554b6bc53c13613978) Importer(815301076,1909f56bfc062723c751e8b465ee728b)  -> (artifact id: '8554885c8f6832e278496726d4d02a0f') in 0.019628 seconds
  Import took 0.021508 seconds .

========================================================================
Received Prepare
Registering precompiled user dll's ...
Registered in 0.000661 seconds.
Begin MonoManager ReloadAssembly
Native extension for OSXStandalone target not found
Refreshing native plugins compatible for Editor in 0.20 ms, found 1 plugins.
Preloading 0 native plugins for Editor in 0.00 ms.
Invoked RoslynAnalysisRunner static constructor.
RoslynAnalysisRunner will not be running.
RoslynAnalysisRunner has terminated.
Mono: successfully reloaded assembly
- Completed reload, in  1.560 seconds
Platform modules already initialized, skipping
Refreshing native plugins compatible for Editor in 0.13 ms, found 1 plugins.
Preloading 0 native plugins for Editor in 0.00 ms.
Unloading 1111 Unused Serialized files (Serialized files now loaded: 0)
System memory in use before: 124.9 MB.
System memory in use after: 125.0 MB.

Unloading 5 unused Assets to reduce memory usage. Loaded Objects now: 1677.
Total: 1.114166 ms (FindLiveObjects: 0.098708 ms CreateObjectMapping: 0.025459 ms MarkObjects: 0.971666 ms  DeleteObjects: 0.017625 ms)

========================================================================
Received Import Request.
  Time since last request: 120.408597 seconds.
  path: Assets/prefabs/Level 0.prefab
  artifactKey: Guid(9aa170561e1104c659a0668e9763e906) Importer(815301076,1909f56bfc062723c751e8b465ee728b)
Start importing Assets/prefabs/Level 0.prefab using Guid(9aa170561e1104c659a0668e9763e906) Importer(815301076,1909f56bfc062723c751e8b465ee728b)  -> (artifact id: '65f92fe0991484528f6b416646ca8b8d') in 0.140748 seconds
  Import took 0.142322 seconds .

========================================================================
Received Import Request.
  Time since last request: 0.000216 seconds.
  path: Assets/prefabs/Level 2.prefab
  artifactKey: Guid(ceac6ce0859b04372a91c3d57f53ff19) Importer(815301076,1909f56bfc062723c751e8b465ee728b)
Start importing Assets/prefabs/Level 2.prefab using Guid(ceac6ce0859b04372a91c3d57f53ff19) Importer(815301076,1909f56bfc062723c751e8b465ee728b)  -> (artifact id: '070be111c8484a409cf47c94ca7e695b') in 0.025738 seconds
  Import took 0.027790 seconds .

========================================================================
Received Import Request.
  Time since last request: 0.000216 seconds.
  path: Assets/prefabs/Brick.prefab
  artifactKey: Guid(ae077ad08d72a4840ac23359e8fa517d) Importer(815301076,1909f56bfc062723c751e8b465ee728b)
Start importing Assets/prefabs/Brick.prefab using Guid(ae077ad08d72a4840ac23359e8fa517d) Importer(815301076,1909f56bfc062723c751e8b465ee728b)  -> (artifact id: 'cb64c28baf6dad4b4de1c1ba13928650') in 0.006394 seconds
  Import took 0.008201 seconds .

========================================================================
Received Import Request.
  Time since last request: 0.000203 seconds.
  path: Assets/prefabs/Level 1.prefab
  artifactKey: Guid(4ccad8a7d959d4554b6bc53c13613978) Importer(815301076,1909f56bfc062723c751e8b465ee728b)
Start importing Assets/prefabs/Level 1.prefab using Guid(4ccad8a7d959d4554b6bc53c13613978) Importer(815301076,1909f56bfc062723c751e8b465ee728b)  -> (artifact id: 'e0ba148a6cf15d2a313834f5aeeb80dc') in 0.007259 seconds
  Import took 0.008894 seconds .

========================================================================
Received Import Request.
  Time since last request: 1.202073 seconds.
  path: Assets/prefabs/Brick.prefab
  artifactKey: Guid(ae077ad08d72a4840ac23359e8fa517d) Importer(815301076,1909f56bfc062723c751e8b465ee728b)
Start importing Assets/prefabs/Brick.prefab using Guid(ae077ad08d72a4840ac23359e8fa517d) Importer(815301076,1909f56bfc062723c751e8b465ee728b)  -> (artifact id: '1d216139b5bd862b668d1ef3e1b0d457') in 0.006222 seconds
  Import took 0.007882 seconds .

========================================================================
Received Import Request.
  Time since last request: 0.000213 seconds.
  path: Assets/prefabs/Level 0.prefab
  artifactKey: Guid(9aa170561e1104c659a0668e9763e906) Importer(815301076,1909f56bfc062723c751e8b465ee728b)
Start importing Assets/prefabs/Level 0.prefab using Guid(9aa170561e1104c659a0668e9763e906) Importer(815301076,1909f56bfc062723c751e8b465ee728b)  -> (artifact id: 'f6e596d2df3325fdf8b1457bca56f535') in 0.005227 seconds
  Import took 0.006601 seconds .

========================================================================
Received Import Request.
  Time since last request: 0.000224 seconds.
  path: Assets/prefabs/Level 2.prefab
  artifactKey: Guid(ceac6ce0859b04372a91c3d57f53ff19) Importer(815301076,1909f56bfc062723c751e8b465ee728b)
Start importing Assets/prefabs/Level 2.prefab using Guid(ceac6ce0859b04372a91c3d57f53ff19) Importer(815301076,1909f56bfc062723c751e8b465ee728b)  -> (artifact id: '88d7af5ac50508e2518e657cff4acad8') in 0.016004 seconds
  Import took 0.018198 seconds .

========================================================================
Received Import Request.
  Time since last request: 0.000228 seconds.
  path: Assets/prefabs/Level 1.prefab
  artifactKey: Guid(4ccad8a7d959d4554b6bc53c13613978) Importer(815301076,1909f56bfc062723c751e8b465ee728b)
Start importing Assets/prefabs/Level 1.prefab using Guid(4ccad8a7d959d4554b6bc53c13613978) Importer(815301076,1909f56bfc062723c751e8b465ee728b)  -> (artifact id: '6a168a64c2f19c4330bbdc2d4aad6a3e') in 0.006828 seconds
  Import took 0.008400 seconds .

========================================================================
Received Prepare
Registering precompiled user dll's ...
Registered in 0.000221 seconds.
Begin MonoManager ReloadAssembly
Native extension for OSXStandalone target not found
Refreshing native plugins compatible for Editor in 0.16 ms, found 1 plugins.
Preloading 0 native plugins for Editor in 0.00 ms.
Invoked RoslynAnalysisRunner static constructor.
RoslynAnalysisRunner will not be running.
RoslynAnalysisRunner has terminated.
Mono: successfully reloaded assembly
- Completed reload, in  1.516 seconds
Platform modules already initialized, skipping
Refreshing native plugins compatible for Editor in 0.11 ms, found 1 plugins.
Preloading 0 native plugins for Editor in 0.00 ms.
Unloading 1111 Unused Serialized files (Serialized files now loaded: 0)
System memory in use before: 125.4 MB.
System memory in use after: 125.5 MB.

Unloading 4 unused Assets to reduce memory usage. Loaded Objects now: 1681.
Total: 1.139334 ms (FindLiveObjects: 0.110708 ms CreateObjectMapping: 0.025709 ms MarkObjects: 0.987625 ms  DeleteObjects: 0.014417 ms)

========================================================================
Received Prepare
Registering precompiled user dll's ...
Registered in 0.000254 seconds.
Begin MonoManager ReloadAssembly
Native extension for OSXStandalone target not found
Refreshing native plugins compatible for Editor in 0.18 ms, found 1 plugins.
Preloading 0 native plugins for Editor in 0.00 ms.
Invoked RoslynAnalysisRunner static constructor.
RoslynAnalysisRunner will not be running.
RoslynAnalysisRunner has terminated.
Mono: successfully reloaded assembly
- Completed reload, in  1.580 seconds
Platform modules already initialized, skipping
Refreshing native plugins compatible for Editor in 0.17 ms, found 1 plugins.
Preloading 0 native plugins for Editor in 0.00 ms.
Unloading 1111 Unused Serialized files (Serialized files now loaded: 0)
System memory in use before: 125.6 MB.
System memory in use after: 125.7 MB.

Unloading 4 unused Assets to reduce memory usage. Loaded Objects now: 1684.
Total: 1.136292 ms (FindLiveObjects: 0.104584 ms CreateObjectMapping: 0.025833 ms MarkObjects: 0.990417 ms  DeleteObjects: 0.014584 ms)

========================================================================
Received Import Request.
  Time since last request: 49.829056 seconds.
  path: Assets/prefabs/Level 0.prefab
  artifactKey: Guid(9aa170561e1104c659a0668e9763e906) Importer(815301076,1909f56bfc062723c751e8b465ee728b)
Start importing Assets/prefabs/Level 0.prefab using Guid(9aa170561e1104c659a0668e9763e906) Importer(815301076,1909f56bfc062723c751e8b465ee728b)  -> (artifact id: '4eb118f6f0c203a7fecc21ee199b98c6') in 0.146988 seconds
  Import took 0.148667 seconds .

========================================================================
Received Import Request.
  Time since last request: 0.000337 seconds.
  path: Assets/prefabs/Level 2.prefab
  artifactKey: Guid(ceac6ce0859b04372a91c3d57f53ff19) Importer(815301076,1909f56bfc062723c751e8b465ee728b)
Start importing Assets/prefabs/Level 2.prefab using Guid(ceac6ce0859b04372a91c3d57f53ff19) Importer(815301076,1909f56bfc062723c751e8b465ee728b)  -> (artifact id: '5f76bf594b611cbdad34e2a8a45a277f') in 0.024077 seconds
  Import took 0.026312 seconds .

========================================================================
Received Import Request.
  Time since last request: 0.000241 seconds.
  path: Assets/prefabs/Brick.prefab
  artifactKey: Guid(ae077ad08d72a4840ac23359e8fa517d) Importer(815301076,1909f56bfc062723c751e8b465ee728b)
Start importing Assets/prefabs/Brick.prefab using Guid(ae077ad08d72a4840ac23359e8fa517d) Importer(815301076,1909f56bfc062723c751e8b465ee728b)  -> (artifact id: '3850863014368e080a7da0efd487612a') in 0.005811 seconds
  Import took 0.007194 seconds .

========================================================================
Received Import Request.
  Time since last request: 0.000195 seconds.
  path: Assets/prefabs/Level 1.prefab
  artifactKey: Guid(4ccad8a7d959d4554b6bc53c13613978) Importer(815301076,1909f56bfc062723c751e8b465ee728b)
Start importing Assets/prefabs/Level 1.prefab using Guid(4ccad8a7d959d4554b6bc53c13613978) Importer(815301076,1909f56bfc062723c751e8b465ee728b)  -> (artifact id: 'c30a0b8bb7e189d4a9a0ab12c84cd0ee') in 0.007012 seconds
  Import took 0.008517 seconds .

========================================================================
Received Prepare
Registering precompiled user dll's ...
Registered in 0.000228 seconds.
Begin MonoManager ReloadAssembly
Native extension for OSXStandalone target not found
Refreshing native plugins compatible for Editor in 0.17 ms, found 1 plugins.
Preloading 0 native plugins for Editor in 0.00 ms.
Invoked RoslynAnalysisRunner static constructor.
RoslynAnalysisRunner will not be running.
RoslynAnalysisRunner has terminated.
Mono: successfully reloaded assembly
- Completed reload, in  1.607 seconds
Platform modules already initialized, skipping
Refreshing native plugins compatible for Editor in 0.16 ms, found 1 plugins.
Preloading 0 native plugins for Editor in 0.00 ms.
Unloading 1111 Unused Serialized files (Serialized files now loaded: 0)
System memory in use before: 125.8 MB.
System memory in use after: 125.9 MB.

Unloading 4 unused Assets to reduce memory usage. Loaded Objects now: 1688.
Total: 1.131875 ms (FindLiveObjects: 0.128000 ms CreateObjectMapping: 0.024792 ms MarkObjects: 0.965875 ms  DeleteObjects: 0.012250 ms)

========================================================================
Received Prepare
Registering precompiled user dll's ...
Registered in 0.000262 seconds.
Begin MonoManager ReloadAssembly
Native extension for OSXStandalone target not found
Refreshing native plugins compatible for Editor in 0.17 ms, found 1 plugins.
Preloading 0 native plugins for Editor in 0.00 ms.
Invoked RoslynAnalysisRunner static constructor.
RoslynAnalysisRunner will not be running.
RoslynAnalysisRunner has terminated.
Mono: successfully reloaded assembly
- Completed reload, in  1.532 seconds
Platform modules already initialized, skipping
Refreshing native plugins compatible for Editor in 0.16 ms, found 1 plugins.
Preloading 0 native plugins for Editor in 0.00 ms.
Unloading 1111 Unused Serialized files (Serialized files now loaded: 0)
System memory in use before: 126.0 MB.
System memory in use after: 126.1 MB.

Unloading 4 unused Assets to reduce memory usage. Loaded Objects now: 1691.
Total: 1.056708 ms (FindLiveObjects: 0.104125 ms CreateObjectMapping: 0.024667 ms MarkObjects: 0.916208 ms  DeleteObjects: 0.010833 ms)

========================================================================
Received Import Request.
  Time since last request: 125.974846 seconds.
  path: Assets/prefabs/Level 1.prefab
  artifactKey: Guid(4ccad8a7d959d4554b6bc53c13613978) Importer(815301076,1909f56bfc062723c751e8b465ee728b)
Start importing Assets/prefabs/Level 1.prefab using Guid(4ccad8a7d959d4554b6bc53c13613978) Importer(815301076,1909f56bfc062723c751e8b465ee728b)  -> (artifact id: '22463a3713428dc42276d08e555b5db6') in 0.151766 seconds
  Import took 0.153412 seconds .

========================================================================
Received Import Request.
  Time since last request: 3.455053 seconds.
  path: Assets/prefabs/Level 1.prefab
  artifactKey: Guid(4ccad8a7d959d4554b6bc53c13613978) Importer(815301076,1909f56bfc062723c751e8b465ee728b)
Start importing Assets/prefabs/Level 1.prefab using Guid(4ccad8a7d959d4554b6bc53c13613978) Importer(815301076,1909f56bfc062723c751e8b465ee728b)  -> (artifact id: '22463a3713428dc42276d08e555b5db6') in 0.016811 seconds
  Import took 0.019168 seconds .

========================================================================
Received Import Request.
  Time since last request: 120.470200 seconds.
  path: Assets/materials/New Material.mat
  artifactKey: Guid(07bf0fb9650d04bf9bda4bcf790941c6) Importer(815301076,1909f56bfc062723c751e8b465ee728b)
Start importing Assets/materials/New Material.mat using Guid(07bf0fb9650d04bf9bda4bcf790941c6) Importer(815301076,1909f56bfc062723c751e8b465ee728b)  -> (artifact id: 'ef4f05212db5200b56ae8dd25c0b9992') in 0.070228 seconds
  Import took 0.072856 seconds .

========================================================================
Received Prepare
Registering precompiled user dll's ...
Registered in 0.000681 seconds.
Begin MonoManager ReloadAssembly
Native extension for OSXStandalone target not found
Refreshing native plugins compatible for Editor in 0.17 ms, found 1 plugins.
Preloading 0 native plugins for Editor in 0.00 ms.
Invoked RoslynAnalysisRunner static constructor.
RoslynAnalysisRunner will not be running.
RoslynAnalysisRunner has terminated.
Mono: successfully reloaded assembly
- Completed reload, in  1.585 seconds
Platform modules already initialized, skipping
Refreshing native plugins compatible for Editor in 0.16 ms, found 1 plugins.
Preloading 0 native plugins for Editor in 0.00 ms.
Unloading 1111 Unused Serialized files (Serialized files now loaded: 0)
System memory in use before: 126.2 MB.
System memory in use after: 126.3 MB.

Unloading 4 unused Assets to reduce memory usage. Loaded Objects now: 1695.
Total: 1.116375 ms (FindLiveObjects: 0.132709 ms CreateObjectMapping: 0.025000 ms MarkObjects: 0.946708 ms  DeleteObjects: 0.010792 ms)

========================================================================
Received Import Request.
  Time since last request: 97.992350 seconds.
  path: Assets/prefabs/paddle.prefab
  artifactKey: Guid(1604deca6027e40a9bdb43ef72305ee3) Importer(815301076,1909f56bfc062723c751e8b465ee728b)
Start importing Assets/prefabs/paddle.prefab using Guid(1604deca6027e40a9bdb43ef72305ee3) Importer(815301076,1909f56bfc062723c751e8b465ee728b)  -> (artifact id: '5397517d614fa1f4a4a42badca7f1e9f') in 0.146867 seconds
  Import took 0.148597 seconds .

========================================================================
Received Prepare
Registering precompiled user dll's ...
Registered in 0.000256 seconds.
Begin MonoManager ReloadAssembly
Native extension for OSXStandalone target not found
Refreshing native plugins compatible for Editor in 0.16 ms, found 1 plugins.
Preloading 0 native plugins for Editor in 0.00 ms.
Invoked RoslynAnalysisRunner static constructor.
RoslynAnalysisRunner will not be running.
RoslynAnalysisRunner has terminated.
Mono: successfully reloaded assembly
- Completed reload, in  1.528 seconds
Platform modules already initialized, skipping
Refreshing native plugins compatible for Editor in 0.12 ms, found 1 plugins.
Preloading 0 native plugins for Editor in 0.00 ms.
Unloading 1111 Unused Serialized files (Serialized files now loaded: 0)
System memory in use before: 126.5 MB.
System memory in use after: 126.6 MB.

Unloading 4 unused Assets to reduce memory usage. Loaded Objects now: 1700.
Total: 1.137958 ms (FindLiveObjects: 0.092791 ms CreateObjectMapping: 0.026209 ms MarkObjects: 1.005209 ms  DeleteObjects: 0.012875 ms)

========================================================================
Received Import Request.
  Time since last request: 15.054484 seconds.
  path: Assets/prefabs/paddle.prefab
  artifactKey: Guid(1604deca6027e40a9bdb43ef72305ee3) Importer(815301076,1909f56bfc062723c751e8b465ee728b)
Start importing Assets/prefabs/paddle.prefab using Guid(1604deca6027e40a9bdb43ef72305ee3) Importer(815301076,1909f56bfc062723c751e8b465ee728b)  -> (artifact id: '8c29ad93b2da0748e9d26cc59928d789') in 0.140136 seconds
  Import took 0.141678 seconds .

========================================================================
Received Import Request.
  Time since last request: 16.819423 seconds.
  path: Assets/prefabs/Level 2.prefab
  artifactKey: Guid(022ac791b620246cf9686f5d25dd12d2) Importer(815301076,1909f56bfc062723c751e8b465ee728b)
Start importing Assets/prefabs/Level 2.prefab using Guid(022ac791b620246cf9686f5d25dd12d2) Importer(815301076,1909f56bfc062723c751e8b465ee728b)  -> (artifact id: 'dc4daf855d5b037fa0c9748fdb71031d') in 0.020636 seconds
  Import took 0.022583 seconds .

========================================================================
Received Import Request.
  Time since last request: 0.000681 seconds.
  path: Assets/prefabs/Level 2.prefab
  artifactKey: Guid(022ac791b620246cf9686f5d25dd12d2) Importer(815301076,1909f56bfc062723c751e8b465ee728b)
Start importing Assets/prefabs/Level 2.prefab using Guid(022ac791b620246cf9686f5d25dd12d2) Importer(815301076,1909f56bfc062723c751e8b465ee728b)  -> (artifact id: 'dc4daf855d5b037fa0c9748fdb71031d') in 0.009103 seconds
  Import took 0.010786 seconds .

========================================================================
Received Import Request.
  Time since last request: 172.577125 seconds.
  path: Assets/prefabs/Level 2.prefab
  artifactKey: Guid(022ac791b620246cf9686f5d25dd12d2) Importer(815301076,1909f56bfc062723c751e8b465ee728b)
Start importing Assets/prefabs/Level 2.prefab using Guid(022ac791b620246cf9686f5d25dd12d2) Importer(815301076,1909f56bfc062723c751e8b465ee728b)  -> (artifact id: '0a7057991ef12cb39179c6ac1f7bfed1') in 0.012600 seconds
  Import took 0.014743 seconds .

========================================================================
Received Prepare
Registering precompiled user dll's ...
Registered in 0.000248 seconds.
Begin MonoManager ReloadAssembly
Native extension for OSXStandalone target not found
Refreshing native plugins compatible for Editor in 0.19 ms, found 1 plugins.
Preloading 0 native plugins for Editor in 0.00 ms.
Invoked RoslynAnalysisRunner static constructor.
RoslynAnalysisRunner will not be running.
RoslynAnalysisRunner has terminated.
Mono: successfully reloaded assembly
- Completed reload, in  1.746 seconds
Platform modules already initialized, skipping
Refreshing native plugins compatible for Editor in 0.16 ms, found 1 plugins.
Preloading 0 native plugins for Editor in 0.00 ms.
Unloading 1111 Unused Serialized files (Serialized files now loaded: 0)
System memory in use before: 126.8 MB.
System memory in use after: 126.9 MB.

Unloading 4 unused Assets to reduce memory usage. Loaded Objects now: 1704.
Total: 1.098916 ms (FindLiveObjects: 0.107750 ms CreateObjectMapping: 0.024833 ms MarkObjects: 0.953792 ms  DeleteObjects: 0.011667 ms)

========================================================================
Received Prepare
Registering precompiled user dll's ...
Registered in 0.000218 seconds.
Begin MonoManager ReloadAssembly
Native extension for OSXStandalone target not found
Refreshing native plugins compatible for Editor in 0.17 ms, found 1 plugins.
Preloading 0 native plugins for Editor in 0.00 ms.
Invoked RoslynAnalysisRunner static constructor.
RoslynAnalysisRunner will not be running.
RoslynAnalysisRunner has terminated.
Mono: successfully reloaded assembly
- Completed reload, in  1.623 seconds
Platform modules already initialized, skipping
Refreshing native plugins compatible for Editor in 0.16 ms, found 1 plugins.
Preloading 0 native plugins for Editor in 0.00 ms.
Unloading 1111 Unused Serialized files (Serialized files now loaded: 0)
System memory in use before: 127.0 MB.
System memory in use after: 127.1 MB.

Unloading 4 unused Assets to reduce memory usage. Loaded Objects now: 1707.
Total: 1.208708 ms (FindLiveObjects: 0.236209 ms CreateObjectMapping: 0.024250 ms MarkObjects: 0.935417 ms  DeleteObjects: 0.010875 ms)

========================================================================
Received Prepare
Registering precompiled user dll's ...
Registered in 0.000206 seconds.
Begin MonoManager ReloadAssembly
Native extension for OSXStandalone target not found
Refreshing native plugins compatible for Editor in 0.19 ms, found 1 plugins.
Preloading 0 native plugins for Editor in 0.00 ms.
Invoked RoslynAnalysisRunner static constructor.
RoslynAnalysisRunner will not be running.
RoslynAnalysisRunner has terminated.
Mono: successfully reloaded assembly
- Completed reload, in  1.666 seconds
Platform modules already initialized, skipping
Refreshing native plugins compatible for Editor in 0.16 ms, found 1 plugins.
Preloading 0 native plugins for Editor in 0.00 ms.
Unloading 1111 Unused Serialized files (Serialized files now loaded: 0)
System memory in use before: 127.2 MB.
System memory in use after: 127.3 MB.

Unloading 4 unused Assets to reduce memory usage. Loaded Objects now: 1710.
Total: 1.129292 ms (FindLiveObjects: 0.118083 ms CreateObjectMapping: 0.024833 ms MarkObjects: 0.972167 ms  DeleteObjects: 0.013042 ms)

========================================================================
Received Prepare
Registering precompiled user dll's ...
Registered in 0.000201 seconds.
Begin MonoManager ReloadAssembly
Native extension for OSXStandalone target not found
Refreshing native plugins compatible for Editor in 0.18 ms, found 1 plugins.
Preloading 0 native plugins for Editor in 0.00 ms.
Invoked RoslynAnalysisRunner static constructor.
RoslynAnalysisRunner will not be running.
RoslynAnalysisRunner has terminated.
Mono: successfully reloaded assembly
- Completed reload, in  1.623 seconds
Platform modules already initialized, skipping
Refreshing native plugins compatible for Editor in 0.16 ms, found 1 plugins.
Preloading 0 native plugins for Editor in 0.00 ms.
Unloading 1111 Unused Serialized files (Serialized files now loaded: 0)
System memory in use before: 127.4 MB.
System memory in use after: 127.5 MB.

Unloading 4 unused Assets to reduce memory usage. Loaded Objects now: 1713.
Total: 1.110083 ms (FindLiveObjects: 0.122000 ms CreateObjectMapping: 0.025000 ms MarkObjects: 0.950500 ms  DeleteObjects: 0.011709 ms)

========================================================================
Received Prepare
Registering precompiled user dll's ...
Registered in 0.000336 seconds.
Begin MonoManager ReloadAssembly
Native extension for OSXStandalone target not found
Refreshing native plugins compatible for Editor in 0.22 ms, found 1 plugins.
Preloading 0 native plugins for Editor in 0.00 ms.
Invoked RoslynAnalysisRunner static constructor.
RoslynAnalysisRunner will not be running.
RoslynAnalysisRunner has terminated.
Mono: successfully reloaded assembly
- Completed reload, in  1.574 seconds
Platform modules already initialized, skipping
Refreshing native plugins compatible for Editor in 0.16 ms, found 1 plugins.
Preloading 0 native plugins for Editor in 0.00 ms.
Unloading 1111 Unused Serialized files (Serialized files now loaded: 0)
System memory in use before: 127.5 MB.
System memory in use after: 127.6 MB.

Unloading 4 unused Assets to reduce memory usage. Loaded Objects now: 1716.
Total: 1.107959 ms (FindLiveObjects: 0.137375 ms CreateObjectMapping: 0.024833 ms MarkObjects: 0.933708 ms  DeleteObjects: 0.010875 ms)

========================================================================
Received Prepare
Registering precompiled user dll's ...
Registered in 0.000236 seconds.
Begin MonoManager ReloadAssembly
Native extension for OSXStandalone target not found
Refreshing native plugins compatible for Editor in 0.17 ms, found 1 plugins.
Preloading 0 native plugins for Editor in 0.00 ms.
Invoked RoslynAnalysisRunner static constructor.
RoslynAnalysisRunner will not be running.
RoslynAnalysisRunner has terminated.
Mono: successfully reloaded assembly
- Completed reload, in  1.527 seconds
Platform modules already initialized, skipping
Refreshing native plugins compatible for Editor in 0.11 ms, found 1 plugins.
Preloading 0 native plugins for Editor in 0.00 ms.
Unloading 1111 Unused Serialized files (Serialized files now loaded: 0)
System memory in use before: 127.7 MB.
System memory in use after: 127.8 MB.

Unloading 4 unused Assets to reduce memory usage. Loaded Objects now: 1719.
Total: 1.123750 ms (FindLiveObjects: 0.118208 ms CreateObjectMapping: 0.025792 ms MarkObjects: 0.964583 ms  DeleteObjects: 0.010000 ms)

========================================================================
Received Prepare
Registering precompiled user dll's ...
Registered in 0.000232 seconds.
Begin MonoManager ReloadAssembly
Native extension for OSXStandalone target not found
Refreshing native plugins compatible for Editor in 0.18 ms, found 1 plugins.
Preloading 0 native plugins for Editor in 0.00 ms.
Invoked RoslynAnalysisRunner static constructor.
RoslynAnalysisRunner will not be running.
RoslynAnalysisRunner has terminated.
Mono: successfully reloaded assembly
- Completed reload, in  1.628 seconds
Platform modules already initialized, skipping
Refreshing native plugins compatible for Editor in 0.17 ms, found 1 plugins.
Preloading 0 native plugins for Editor in 0.00 ms.
Unloading 1111 Unused Serialized files (Serialized files now loaded: 0)
System memory in use before: 127.9 MB.
System memory in use after: 128.0 MB.

Unloading 4 unused Assets to reduce memory usage. Loaded Objects now: 1722.
Total: 1.236209 ms (FindLiveObjects: 0.143000 ms CreateObjectMapping: 0.025042 ms MarkObjects: 1.055958 ms  DeleteObjects: 0.011417 ms)

========================================================================
Received Prepare
Registering precompiled user dll's ...
Registered in 0.000243 seconds.
Begin MonoManager ReloadAssembly
Native extension for OSXStandalone target not found
Refreshing native plugins compatible for Editor in 0.20 ms, found 1 plugins.
Preloading 0 native plugins for Editor in 0.00 ms.
Invoked RoslynAnalysisRunner static constructor.
RoslynAnalysisRunner will not be running.
RoslynAnalysisRunner has terminated.
Mono: successfully reloaded assembly
- Completed reload, in  1.645 seconds
Platform modules already initialized, skipping
Refreshing native plugins compatible for Editor in 0.16 ms, found 1 plugins.
Preloading 0 native plugins for Editor in 0.00 ms.
Unloading 1111 Unused Serialized files (Serialized files now loaded: 0)
System memory in use before: 128.1 MB.
System memory in use after: 128.2 MB.

Unloading 4 unused Assets to reduce memory usage. Loaded Objects now: 1725.
Total: 1.117875 ms (FindLiveObjects: 0.101292 ms CreateObjectMapping: 0.025209 ms MarkObjects: 0.971959 ms  DeleteObjects: 0.018375 ms)

========================================================================
Received Prepare
Registering precompiled user dll's ...
Registered in 0.000665 seconds.
Begin MonoManager ReloadAssembly
Native extension for OSXStandalone target not found
Refreshing native plugins compatible for Editor in 0.18 ms, found 1 plugins.
Preloading 0 native plugins for Editor in 0.00 ms.
Invoked RoslynAnalysisRunner static constructor.
RoslynAnalysisRunner will not be running.
RoslynAnalysisRunner has terminated.
Mono: successfully reloaded assembly
- Completed reload, in  1.568 seconds
Platform modules already initialized, skipping
Refreshing native plugins compatible for Editor in 0.12 ms, found 1 plugins.
Preloading 0 native plugins for Editor in 0.00 ms.
Unloading 1111 Unused Serialized files (Serialized files now loaded: 0)
System memory in use before: 128.3 MB.
System memory in use after: 128.4 MB.

Unloading 4 unused Assets to reduce memory usage. Loaded Objects now: 1728.
Total: 1.186500 ms (FindLiveObjects: 0.125542 ms CreateObjectMapping: 0.026083 ms MarkObjects: 1.023208 ms  DeleteObjects: 0.010792 ms)

========================================================================
Received Prepare
Registering precompiled user dll's ...
Registered in 0.000562 seconds.
Begin MonoManager ReloadAssembly
Native extension for OSXStandalone target not found
Refreshing native plugins compatible for Editor in 0.17 ms, found 1 plugins.
Preloading 0 native plugins for Editor in 0.00 ms.
Invoked RoslynAnalysisRunner static constructor.
RoslynAnalysisRunner will not be running.
RoslynAnalysisRunner has terminated.
Mono: successfully reloaded assembly
- Completed reload, in  1.589 seconds
Platform modules already initialized, skipping
Refreshing native plugins compatible for Editor in 0.15 ms, found 1 plugins.
Preloading 0 native plugins for Editor in 0.00 ms.
Unloading 1111 Unused Serialized files (Serialized files now loaded: 0)
System memory in use before: 128.5 MB.
System memory in use after: 128.6 MB.

Unloading 4 unused Assets to reduce memory usage. Loaded Objects now: 1731.
Total: 1.282583 ms (FindLiveObjects: 0.166000 ms CreateObjectMapping: 0.025583 ms MarkObjects: 1.075541 ms  DeleteObjects: 0.013542 ms)

========================================================================
Received Prepare
Registering precompiled user dll's ...
Registered in 0.000318 seconds.
Begin MonoManager ReloadAssembly
Native extension for OSXStandalone target not found
Refreshing native plugins compatible for Editor in 0.17 ms, found 1 plugins.
Preloading 0 native plugins for Editor in 0.00 ms.
Invoked RoslynAnalysisRunner static constructor.
RoslynAnalysisRunner will not be running.
RoslynAnalysisRunner has terminated.
Mono: successfully reloaded assembly
- Completed reload, in  1.619 seconds
Platform modules already initialized, skipping
Refreshing native plugins compatible for Editor in 0.16 ms, found 1 plugins.
Preloading 0 native plugins for Editor in 0.00 ms.
Unloading 1111 Unused Serialized files (Serialized files now loaded: 0)
System memory in use before: 128.7 MB.
System memory in use after: 128.8 MB.

Unloading 4 unused Assets to reduce memory usage. Loaded Objects now: 1734.
Total: 1.159083 ms (FindLiveObjects: 0.117166 ms CreateObjectMapping: 0.026333 ms MarkObjects: 1.003667 ms  DeleteObjects: 0.010791 ms)

